{"E:\\FinalTask\\finalTask\\app\\components\\AddRemoveButtons.vue": {"path":"E:\\FinalTask\\finalTask\\app\\components\\AddRemoveButtons.vue","statementMap":{"0":{"start":{"line":2,"column":2},"end":{"line":2,"column":null}},"1":{"start":{"line":8,"column":15},"end":{"line":8,"column":null}},"2":{"start":{"line":15,"column":7},"end":{"line":15,"column":null}},"3":{"start":{"line":17,"column":6},"end":{"line":22,"column":null}},"4":{"start":{"line":22,"column":65},"end":{"line":22,"column":null}},"5":{"start":{"line":25,"column":6},"end":{"line":34,"column":null}},"6":{"start":{"line":32,"column":55},"end":{"line":32,"column":null}},"7":{"start":{"line":34,"column":8},"end":{"line":34,"column":null}}},"fnMap":{"0":{"name":"(anonymous_0)","decl":{"start":{"line":22,"column":65},"end":{"line":22,"column":null}},"loc":{"start":{"line":22,"column":65},"end":{"line":22,"column":null}},"line":22},"1":{"name":"(anonymous_1)","decl":{"start":{"line":32,"column":55},"end":{"line":32,"column":null}},"loc":{"start":{"line":32,"column":55},"end":{"line":32,"column":null}},"line":32}},"branchMap":{"0":{"loc":{"start":{"line":19,"column":15},"end":{"line":19,"column":97}},"type":"cond-expr","locations":[{"start":{"line":19,"column":27},"end":{"line":19,"column":46}},{"start":{"line":19,"column":46},"end":{"line":19,"column":97}}],"line":19},"1":{"loc":{"start":{"line":20,"column":14},"end":{"line":20,"column":null}},"type":"cond-expr","locations":[{"start":{"line":20,"column":26},"end":{"line":20,"column":null}},{"start":{"line":20,"column":26},"end":{"line":20,"column":null}}],"line":20},"2":{"loc":{"start":{"line":21,"column":7},"end":{"line":21,"column":null}},"type":"cond-expr","locations":[{"start":{"line":21,"column":15},"end":{"line":21,"column":null}},{"start":{"line":21,"column":27},"end":{"line":21,"column":null}}],"line":21},"3":{"loc":{"start":{"line":22,"column":7},"end":{"line":22,"column":65}},"type":"cond-expr","locations":[{"start":{"line":22,"column":15},"end":{"line":22,"column":30}},{"start":{"line":22,"column":15},"end":{"line":22,"column":65}}],"line":22},"4":{"loc":{"start":{"line":22,"column":65},"end":{"line":22,"column":null}},"type":"cond-expr","locations":[{"start":{"line":22,"column":65},"end":{"line":22,"column":null}},{"start":{"line":22,"column":65},"end":{"line":22,"column":null}}],"line":22},"5":{"loc":{"start":{"line":27,"column":24},"end":{"line":27,"column":110}},"type":"cond-expr","locations":[{"start":{"line":27,"column":36},"end":{"line":27,"column":62}},{"start":{"line":27,"column":49},"end":{"line":27,"column":110}}],"line":27},"6":{"loc":{"start":{"line":30,"column":12},"end":{"line":30,"column":null}},"type":"cond-expr","locations":[{"start":{"line":30,"column":27},"end":{"line":30,"column":null}},{"start":{"line":30,"column":27},"end":{"line":30,"column":null}}],"line":30},"7":{"loc":{"start":{"line":31,"column":12},"end":{"line":31,"column":55}},"type":"cond-expr","locations":[{"start":{"line":31,"column":27},"end":{"line":31,"column":42}},{"start":{"line":31,"column":42},"end":{"line":31,"column":55}}],"line":31},"8":{"loc":{"start":{"line":32,"column":7},"end":{"line":32,"column":55}},"type":"cond-expr","locations":[{"start":{"line":32,"column":15},"end":{"line":32,"column":30}},{"start":{"line":32,"column":15},"end":{"line":32,"column":55}}],"line":32},"9":{"loc":{"start":{"line":32,"column":55},"end":{"line":32,"column":null}},"type":"cond-expr","locations":[{"start":{"line":32,"column":55},"end":{"line":32,"column":null}},{"start":{"line":32,"column":55},"end":{"line":32,"column":null}}],"line":32},"10":{"loc":{"start":{"line":33,"column":38},"end":{"line":34,"column":null}},"type":"cond-expr","locations":[{"start":{"line":33,"column":38},"end":{"line":34,"column":null}}],"line":33}},"s":{"0":0,"1":0,"2":0,"3":0,"4":0,"5":0,"6":0,"7":0},"f":{"0":0,"1":0},"b":{"0":[0,0],"1":[0,0],"2":[0,0],"3":[0,0],"4":[0,0],"5":[0,0],"6":[0,0],"7":[0,0],"8":[0,0],"9":[0,0],"10":[0]},"meta":{"lastBranch":11,"lastFunction":2,"lastStatement":8,"seen":{"s:2:2:2:Infinity":0,"s:8:15:8:Infinity":1,"s:15:7:15:Infinity":2,"s:17:6:22:Infinity":3,"b:19:27:19:46:19:46:19:97":0,"b:20:26:20:Infinity:20:26:20:Infinity":1,"b:21:15:21:Infinity:21:27:21:Infinity":2,"b:22:15:22:30:22:15:22:65":3,"f:22:65:22:Infinity":0,"s:22:65:22:Infinity":4,"b:22:65:22:Infinity:22:65:22:Infinity":4,"s:25:6:34:Infinity":5,"b:27:36:27:62:27:49:27:110":5,"b:30:27:30:Infinity:30:27:30:Infinity":6,"b:31:27:31:42:31:42:31:55":7,"b:32:15:32:30:32:15:32:55":8,"f:32:55:32:Infinity":1,"s:32:55:32:Infinity":6,"b:32:55:32:Infinity:32:55:32:Infinity":9,"b:33:38:34:Infinity":10,"s:34:8:34:Infinity":7}}}
,"E:\\FinalTask\\finalTask\\app\\components\\AuthDescription.vue": {"path":"E:\\FinalTask\\finalTask\\app\\components\\AuthDescription.vue","statementMap":{"0":{"start":{"line":6,"column":6},"end":{"line":6,"column":31}},"1":{"start":{"line":7,"column":5},"end":{"line":7,"column":33}}},"fnMap":{},"branchMap":{},"s":{"0":1,"1":1},"f":{},"b":{},"meta":{"lastBranch":0,"lastFunction":0,"lastStatement":0,"seen":{}}}
,"E:\\FinalTask\\finalTask\\app\\components\\AuthForm.vue": {"path":"E:\\FinalTask\\finalTask\\app\\components\\AuthForm.vue","statementMap":{"0":{"start":{"line":12,"column":15},"end":{"line":12,"column":null}},"1":{"start":{"line":13,"column":20},"end":{"line":13,"column":null}},"2":{"start":{"line":17,"column":7},"end":{"line":17,"column":null}},"3":{"start":{"line":53,"column":9},"end":{"line":53,"column":null}},"4":{"start":{"line":17,"column":2},"end":{"line":65,"column":47}},"5":{"start":{"line":18,"column":4},"end":{"line":49,"column":null}},"6":{"start":{"line":22,"column":19},"end":{"line":22,"column":null}},"7":{"start":{"line":35,"column":19},"end":{"line":35,"column":null}},"8":{"start":{"line":60,"column":16},"end":{"line":60,"column":40}},"9":{"start":{"line":65,"column":16},"end":{"line":65,"column":47}}},"fnMap":{"0":{"name":"(anonymous_0)","decl":{"start":{"line":18,"column":31},"end":{"line":18,"column":34}},"loc":{"start":{"line":18,"column":21},"end":{"line":49,"column":null}},"line":18},"1":{"name":"(anonymous_1)","decl":{"start":{"line":22,"column":25},"end":{"line":22,"column":30}},"loc":{"start":{"line":22,"column":19},"end":{"line":22,"column":null}},"line":22},"2":{"name":"(anonymous_2)","decl":{"start":{"line":35,"column":25},"end":{"line":35,"column":30}},"loc":{"start":{"line":35,"column":19},"end":{"line":35,"column":null}},"line":35},"3":{"name":"(anonymous_3)","decl":{"start":{"line":60,"column":14},"end":{"line":60,"column":16}},"loc":{"start":{"line":60,"column":16},"end":{"line":60,"column":40}},"line":60},"4":{"name":"(anonymous_4)","decl":{"start":{"line":65,"column":14},"end":{"line":65,"column":16}},"loc":{"start":{"line":65,"column":16},"end":{"line":65,"column":47}},"line":65}},"branchMap":{"0":{"loc":{"start":{"line":19,"column":18},"end":{"line":28,"column":null}},"type":"cond-expr","locations":[{"start":{"line":19,"column":54},"end":{"line":28,"column":null}}],"line":19},"1":{"loc":{"start":{"line":19,"column":18},"end":{"line":19,"column":67}},"type":"binary-expr","locations":[{"start":{"line":19,"column":18},"end":{"line":19,"column":44}},{"start":{"line":19,"column":44},"end":{"line":19,"column":67}}],"line":19},"2":{"loc":{"start":{"line":27,"column":21},"end":{"line":28,"column":null}},"type":"cond-expr","locations":[{"start":{"line":27,"column":42},"end":{"line":28,"column":null}},{"start":{"line":28,"column":31},"end":{"line":28,"column":null}}],"line":27},"3":{"loc":{"start":{"line":27,"column":21},"end":{"line":27,"column":56}},"type":"binary-expr","locations":[{"start":{"line":27,"column":21},"end":{"line":27,"column":36}},{"start":{"line":27,"column":36},"end":{"line":27,"column":56}}],"line":27},"4":{"loc":{"start":{"line":32,"column":18},"end":{"line":49,"column":null}},"type":"cond-expr","locations":[{"start":{"line":32,"column":28},"end":{"line":49,"column":null}}],"line":32},"5":{"loc":{"start":{"line":43,"column":59},"end":{"line":43,"column":null}},"type":"cond-expr","locations":[{"start":{"line":43,"column":70},"end":{"line":43,"column":null}},{"start":{"line":43,"column":70},"end":{"line":43,"column":null}}],"line":43},"6":{"loc":{"start":{"line":48,"column":21},"end":{"line":49,"column":null}},"type":"cond-expr","locations":[{"start":{"line":48,"column":42},"end":{"line":49,"column":null}},{"start":{"line":49,"column":31},"end":{"line":49,"column":null}}],"line":48},"7":{"loc":{"start":{"line":48,"column":21},"end":{"line":48,"column":56}},"type":"binary-expr","locations":[{"start":{"line":48,"column":21},"end":{"line":48,"column":36}},{"start":{"line":48,"column":36},"end":{"line":48,"column":56}}],"line":48},"8":{"loc":{"start":{"line":60,"column":14},"end":{"line":60,"column":40}},"type":"binary-expr","locations":[{"start":{"line":60,"column":14},"end":{"line":60,"column":16}},{"start":{"line":60,"column":14},"end":{"line":60,"column":40}}],"line":60},"9":{"loc":{"start":{"line":65,"column":14},"end":{"line":65,"column":47}},"type":"binary-expr","locations":[{"start":{"line":65,"column":14},"end":{"line":65,"column":16}},{"start":{"line":65,"column":14},"end":{"line":65,"column":47}}],"line":65},"10":{"loc":{"start":{"line":65,"column":16},"end":{"line":65,"column":26}},"type":"cond-expr","locations":[{"start":{"line":65,"column":16},"end":{"line":65,"column":26}},{"start":{"line":65,"column":16},"end":{"line":65,"column":26}}],"line":65}},"s":{"0":0,"1":0,"2":1,"3":1,"4":0,"5":0,"6":0,"7":0,"8":0,"9":0},"f":{"0":0,"1":0,"2":0,"3":0,"4":0},"b":{"0":[0],"1":[0,0],"2":[0,0],"3":[0,0],"4":[0],"5":[0,0],"6":[0,0],"7":[0,0],"8":[0,0],"9":[0,0],"10":[0,0]},"meta":{"lastBranch":0,"lastFunction":0,"lastStatement":0,"seen":{}}}
,"E:\\FinalTask\\finalTask\\app\\components\\AvatarUpload.vue": {"path":"E:\\FinalTask\\finalTask\\app\\components\\AvatarUpload.vue","statementMap":{"0":{"start":{"line":33,"column":16},"end":{"line":33,"column":null}},"1":{"start":{"line":34,"column":15},"end":{"line":34,"column":null}},"2":{"start":{"line":38,"column":8},"end":{"line":38,"column":null}},"3":{"start":{"line":39,"column":8},"end":{"line":39,"column":null}},"4":{"start":{"line":40,"column":8},"end":{"line":40,"column":null}},"5":{"start":{"line":41,"column":8},"end":{"line":41,"column":null}},"6":{"start":{"line":43,"column":25},"end":{"line":46,"column":null}},"7":{"start":{"line":44,"column":4},"end":{"line":44,"column":null}},"8":{"start":{"line":44,"column":24},"end":{"line":44,"column":null}},"9":{"start":{"line":45,"column":4},"end":{"line":45,"column":null}},"10":{"start":{"line":48,"column":23},"end":{"line":63,"column":null}},"11":{"start":{"line":49,"column":20},"end":{"line":49,"column":null}},"12":{"start":{"line":50,"column":25},"end":{"line":50,"column":null}},"13":{"start":{"line":52,"column":4},"end":{"line":55,"column":null}},"14":{"start":{"line":53,"column":6},"end":{"line":53,"column":null}},"15":{"start":{"line":54,"column":6},"end":{"line":54,"column":null}},"16":{"start":{"line":57,"column":4},"end":{"line":60,"column":null}},"17":{"start":{"line":58,"column":6},"end":{"line":58,"column":null}},"18":{"start":{"line":59,"column":6},"end":{"line":59,"column":null}},"19":{"start":{"line":62,"column":4},"end":{"line":62,"column":null}},"20":{"start":{"line":65,"column":23},"end":{"line":103,"column":null}},"21":{"start":{"line":66,"column":4},"end":{"line":66,"column":null}},"22":{"start":{"line":66,"column":47},"end":{"line":66,"column":null}},"23":{"start":{"line":68,"column":4},"end":{"line":68,"column":null}},"24":{"start":{"line":69,"column":4},"end":{"line":69,"column":null}},"25":{"start":{"line":71,"column":4},"end":{"line":102,"column":null}},"26":{"start":{"line":72,"column":22},"end":{"line":72,"column":null}},"27":{"start":{"line":73,"column":21},"end":{"line":73,"column":null}},"28":{"start":{"line":74,"column":21},"end":{"line":77,"column":null}},"29":{"start":{"line":75,"column":8},"end":{"line":75,"column":null}},"30":{"start":{"line":75,"column":30},"end":{"line":75,"column":null}},"31":{"start":{"line":76,"column":8},"end":{"line":76,"column":null}},"32":{"start":{"line":79,"column":23},"end":{"line":89,"column":null}},"33":{"start":{"line":91,"column":6},"end":{"line":93,"column":null}},"34":{"start":{"line":92,"column":8},"end":{"line":92,"column":null}},"35":{"start":{"line":95,"column":6},"end":{"line":99,"column":null}},"36":{"start":{"line":96,"column":8},"end":{"line":96,"column":null}},"37":{"start":{"line":98,"column":8},"end":{"line":98,"column":null}},"38":{"start":{"line":101,"column":6},"end":{"line":101,"column":null}},"39":{"start":{"line":105,"column":27},"end":{"line":111,"column":null}},"40":{"start":{"line":106,"column":19},"end":{"line":106,"column":null}},"41":{"start":{"line":107,"column":17},"end":{"line":107,"column":null}},"42":{"start":{"line":108,"column":4},"end":{"line":110,"column":null}},"43":{"start":{"line":109,"column":6},"end":{"line":109,"column":null}},"44":{"start":{"line":113,"column":21},"end":{"line":121,"column":null}},"45":{"start":{"line":114,"column":4},"end":{"line":114,"column":null}},"46":{"start":{"line":115,"column":4},"end":{"line":115,"column":null}},"47":{"start":{"line":117,"column":17},"end":{"line":117,"column":null}},"48":{"start":{"line":118,"column":4},"end":{"line":120,"column":null}},"49":{"start":{"line":119,"column":6},"end":{"line":119,"column":null}},"50":{"start":{"line":123,"column":26},"end":{"line":129,"column":null}},"51":{"start":{"line":124,"column":26},"end":{"line":124,"column":null}},"52":{"start":{"line":125,"column":26},"end":{"line":125,"column":null}},"53":{"start":{"line":126,"column":4},"end":{"line":128,"column":null}},"54":{"start":{"line":127,"column":6},"end":{"line":127,"column":null}},"55":{"start":{"line":3,"column":4},"end":{"line":3,"column":null}},"56":{"start":{"line":20,"column":6},"end":{"line":20,"column":null}},"57":{"start":{"line":23,"column":15},"end":{"line":23,"column":null}},"58":{"start":{"line":23,"column":47},"end":{"line":23,"column":null}},"59":{"start":{"line":24,"column":15},"end":{"line":24,"column":null}}},"fnMap":{"0":{"name":"(anonymous_0)","decl":{"start":{"line":43,"column":25},"end":{"line":43,"column":31}},"loc":{"start":{"line":43,"column":31},"end":{"line":46,"column":null}},"line":43},"1":{"name":"(anonymous_1)","decl":{"start":{"line":48,"column":23},"end":{"line":48,"column":24}},"loc":{"start":{"line":48,"column":48},"end":{"line":63,"column":null}},"line":48},"2":{"name":"(anonymous_2)","decl":{"start":{"line":65,"column":23},"end":{"line":65,"column":30}},"loc":{"start":{"line":65,"column":45},"end":{"line":103,"column":null}},"line":65},"3":{"name":"(anonymous_3)","decl":{"start":{"line":74,"column":47},"end":{"line":74,"column":48}},"loc":{"start":{"line":74,"column":60},"end":{"line":77,"column":7}},"line":74},"4":{"name":"(anonymous_4)","decl":{"start":{"line":75,"column":24},"end":{"line":75,"column":30}},"loc":{"start":{"line":75,"column":30},"end":{"line":75,"column":null}},"line":75},"5":{"name":"(anonymous_5)","decl":{"start":{"line":105,"column":27},"end":{"line":105,"column":28}},"loc":{"start":{"line":105,"column":45},"end":{"line":111,"column":null}},"line":105},"6":{"name":"(anonymous_6)","decl":{"start":{"line":113,"column":21},"end":{"line":113,"column":22}},"loc":{"start":{"line":113,"column":43},"end":{"line":121,"column":null}},"line":113},"7":{"name":"(anonymous_7)","decl":{"start":{"line":123,"column":26},"end":{"line":123,"column":27}},"loc":{"start":{"line":123,"column":48},"end":{"line":129,"column":null}},"line":123}},"branchMap":{"0":{"loc":{"start":{"line":44,"column":4},"end":{"line":44,"column":null}},"type":"if","locations":[{"start":{"line":44,"column":4},"end":{"line":44,"column":null}},{"start":{},"end":{}}],"line":44},"1":{"loc":{"start":{"line":52,"column":4},"end":{"line":55,"column":null}},"type":"if","locations":[{"start":{"line":52,"column":4},"end":{"line":55,"column":null}},{"start":{},"end":{}}],"line":52},"2":{"loc":{"start":{"line":57,"column":4},"end":{"line":60,"column":null}},"type":"if","locations":[{"start":{"line":57,"column":4},"end":{"line":60,"column":null}},{"start":{},"end":{}}],"line":57},"3":{"loc":{"start":{"line":66,"column":4},"end":{"line":66,"column":null}},"type":"if","locations":[{"start":{"line":66,"column":4},"end":{"line":66,"column":null}},{"start":{},"end":{}}],"line":66},"4":{"loc":{"start":{"line":66,"column":8},"end":{"line":66,"column":47}},"type":"binary-expr","locations":[{"start":{"line":66,"column":8},"end":{"line":66,"column":26}},{"start":{"line":66,"column":26},"end":{"line":66,"column":47}}],"line":66},"5":{"loc":{"start":{"line":91,"column":6},"end":{"line":93,"column":null}},"type":"if","locations":[{"start":{"line":91,"column":6},"end":{"line":93,"column":null}},{"start":{},"end":{}}],"line":91},"6":{"loc":{"start":{"line":95,"column":6},"end":{"line":99,"column":null}},"type":"if","locations":[{"start":{"line":95,"column":6},"end":{"line":99,"column":null}},{"start":{"line":97,"column":13},"end":{"line":99,"column":null}}],"line":95},"7":{"loc":{"start":{"line":95,"column":10},"end":{"line":95,"column":80}},"type":"binary-expr","locations":[{"start":{"line":95,"column":10},"end":{"line":95,"column":34}},{"start":{"line":95,"column":34},"end":{"line":95,"column":80}}],"line":95},"8":{"loc":{"start":{"line":108,"column":4},"end":{"line":110,"column":null}},"type":"if","locations":[{"start":{"line":108,"column":4},"end":{"line":110,"column":null}},{"start":{},"end":{}}],"line":108},"9":{"loc":{"start":{"line":118,"column":4},"end":{"line":120,"column":null}},"type":"if","locations":[{"start":{"line":118,"column":4},"end":{"line":120,"column":null}},{"start":{},"end":{}}],"line":118},"10":{"loc":{"start":{"line":126,"column":4},"end":{"line":128,"column":null}},"type":"if","locations":[{"start":{"line":126,"column":4},"end":{"line":128,"column":null}},{"start":{},"end":{}}],"line":126},"11":{"loc":{"start":{"line":9,"column":14},"end":{"line":9,"column":null}},"type":"binary-expr","locations":[{"start":{"line":9,"column":14},"end":{"line":9,"column":38}},{"start":{"line":9,"column":38},"end":{"line":9,"column":null}}],"line":9},"12":{"loc":{"start":{"line":10,"column":12},"end":{"line":10,"column":null}},"type":"cond-expr","locations":[{"start":{"line":10,"column":38},"end":{"line":10,"column":54}},{"start":{"line":10,"column":54},"end":{"line":10,"column":null}}],"line":10},"13":{"loc":{"start":{"line":23,"column":15},"end":{"line":23,"column":null}},"type":"if","locations":[{"start":{"line":23,"column":15},"end":{"line":23,"column":null}},{"start":{"line":23,"column":52},"end":{"line":23,"column":null}}],"line":23},"14":{"loc":{"start":{"line":24,"column":15},"end":{"line":24,"column":null}},"type":"if","locations":[{"start":{"line":24,"column":15},"end":{"line":24,"column":null}}],"line":24}},"s":{"0":0,"1":0,"2":0,"3":0,"4":0,"5":0,"6":0,"7":0,"8":0,"9":0,"10":0,"11":0,"12":0,"13":0,"14":0,"15":0,"16":0,"17":0,"18":0,"19":0,"20":0,"21":0,"22":0,"23":0,"24":0,"25":0,"26":0,"27":0,"28":0,"29":0,"30":0,"31":0,"32":0,"33":0,"34":0,"35":0,"36":0,"37":0,"38":0,"39":0,"40":0,"41":0,"42":0,"43":0,"44":0,"45":0,"46":0,"47":0,"48":0,"49":0,"50":0,"51":0,"52":0,"53":0,"54":0,"55":0,"56":0,"57":0,"58":0,"59":0},"f":{"0":0,"1":0,"2":0,"3":0,"4":0,"5":0,"6":0,"7":0},"b":{"0":[0,0],"1":[0,0],"2":[0,0],"3":[0,0],"4":[0,0],"5":[0,0],"6":[0,0],"7":[0,0],"8":[0,0],"9":[0,0],"10":[0,0],"11":[0,0],"12":[0,0],"13":[0,0],"14":[0]},"meta":{"lastBranch":15,"lastFunction":8,"lastStatement":60,"seen":{"s:33:16:33:Infinity":0,"s:34:15:34:Infinity":1,"s:38:8:38:Infinity":2,"s:39:8:39:Infinity":3,"s:40:8:40:Infinity":4,"s:41:8:41:Infinity":5,"s:43:25:46:Infinity":6,"f:43:25:43:31":0,"b:44:4:44:Infinity:undefined:undefined:undefined:undefined":0,"s:44:4:44:Infinity":7,"s:44:24:44:Infinity":8,"s:45:4:45:Infinity":9,"s:48:23:63:Infinity":10,"f:48:23:48:24":1,"s:49:20:49:Infinity":11,"s:50:25:50:Infinity":12,"b:52:4:55:Infinity:undefined:undefined:undefined:undefined":1,"s:52:4:55:Infinity":13,"s:53:6:53:Infinity":14,"s:54:6:54:Infinity":15,"b:57:4:60:Infinity:undefined:undefined:undefined:undefined":2,"s:57:4:60:Infinity":16,"s:58:6:58:Infinity":17,"s:59:6:59:Infinity":18,"s:62:4:62:Infinity":19,"s:65:23:103:Infinity":20,"f:65:23:65:30":2,"b:66:4:66:Infinity:undefined:undefined:undefined:undefined":3,"s:66:4:66:Infinity":21,"b:66:8:66:26:66:26:66:47":4,"s:66:47:66:Infinity":22,"s:68:4:68:Infinity":23,"s:69:4:69:Infinity":24,"s:71:4:102:Infinity":25,"s:72:22:72:Infinity":26,"s:73:21:73:Infinity":27,"s:74:21:77:Infinity":28,"f:74:47:74:48":3,"s:75:8:75:Infinity":29,"f:75:24:75:30":4,"s:75:30:75:Infinity":30,"s:76:8:76:Infinity":31,"s:79:23:89:Infinity":32,"b:91:6:93:Infinity:undefined:undefined:undefined:undefined":5,"s:91:6:93:Infinity":33,"s:92:8:92:Infinity":34,"b:95:6:99:Infinity:97:13:99:Infinity":6,"s:95:6:99:Infinity":35,"b:95:10:95:34:95:34:95:80":7,"s:96:8:96:Infinity":36,"s:98:8:98:Infinity":37,"s:101:6:101:Infinity":38,"s:105:27:111:Infinity":39,"f:105:27:105:28":5,"s:106:19:106:Infinity":40,"s:107:17:107:Infinity":41,"b:108:4:110:Infinity:undefined:undefined:undefined:undefined":8,"s:108:4:110:Infinity":42,"s:109:6:109:Infinity":43,"s:113:21:121:Infinity":44,"f:113:21:113:22":6,"s:114:4:114:Infinity":45,"s:115:4:115:Infinity":46,"s:117:17:117:Infinity":47,"b:118:4:120:Infinity:undefined:undefined:undefined:undefined":9,"s:118:4:120:Infinity":48,"s:119:6:119:Infinity":49,"s:123:26:129:Infinity":50,"f:123:26:123:27":7,"s:124:26:124:Infinity":51,"s:125:26:125:Infinity":52,"b:126:4:128:Infinity:undefined:undefined:undefined:undefined":10,"s:126:4:128:Infinity":53,"s:127:6:127:Infinity":54,"s:3:4:3:Infinity":55,"b:9:14:9:38:9:38:9:Infinity":11,"b:10:38:10:54:10:54:10:Infinity":12,"s:20:6:20:Infinity":56,"b:23:15:23:Infinity:23:52:23:Infinity":13,"s:23:15:23:Infinity":57,"s:23:47:23:Infinity":58,"b:24:15:24:Infinity":14,"s:24:15:24:Infinity":59}}}
,"E:\\FinalTask\\finalTask\\app\\components\\CvForm.vue": {"path":"E:\\FinalTask\\finalTask\\app\\components\\CvForm.vue","statementMap":{"0":{"start":{"line":9,"column":17},"end":{"line":9,"column":null}},"1":{"start":{"line":10,"column":19},"end":{"line":10,"column":null}},"2":{"start":{"line":11,"column":8},"end":{"line":11,"column":null}},"3":{"start":{"line":12,"column":8},"end":{"line":16,"column":null}},"4":{"start":{"line":18,"column":2},"end":{"line":22,"column":null}},"5":{"start":{"line":19,"column":4},"end":{"line":21,"column":null}},"6":{"start":{"line":20,"column":6},"end":{"line":20,"column":null}},"7":{"start":{"line":29,"column":62},"end":{"line":29,"column":79}},"8":{"start":{"line":35,"column":17},"end":{"line":35,"column":39}},"9":{"start":{"line":39,"column":68},"end":{"line":39,"column":92}},"10":{"start":{"line":44,"column":20},"end":{"line":44,"column":96}}},"fnMap":{"0":{"name":"(anonymous_0)","decl":{"start":{"line":18,"column":14},"end":{"line":18,"column":20}},"loc":{"start":{"line":18,"column":20},"end":{"line":22,"column":3}},"line":18},"1":{"name":"(anonymous_1)","decl":{"start":{"line":26,"column":2},"end":{"line":26,"column":null}},"loc":{"start":{"line":45,"column":9},"end":{"line":44,"column":96}},"line":45},"2":{"name":"(anonymous_2)","decl":{"start":{"line":29,"column":71},"end":{"line":29,"column":75}},"loc":{"start":{"line":29,"column":62},"end":{"line":29,"column":79}},"line":29},"3":{"name":"(anonymous_3)","decl":{"start":{"line":35,"column":26},"end":{"line":35,"column":35}},"loc":{"start":{"line":35,"column":17},"end":{"line":35,"column":39}},"line":35},"4":{"name":"(anonymous_4)","decl":{"start":{"line":39,"column":77},"end":{"line":39,"column":88}},"loc":{"start":{"line":39,"column":68},"end":{"line":39,"column":92}},"line":39},"5":{"name":"(anonymous_5)","decl":{"start":{"line":44,"column":12},"end":{"line":44,"column":20}},"loc":{"start":{"line":44,"column":20},"end":{"line":44,"column":96}},"line":44}},"branchMap":{"0":{"loc":{"start":{"line":19,"column":4},"end":{"line":21,"column":null}},"type":"if","locations":[{"start":{"line":19,"column":4},"end":{"line":21,"column":null}},{"start":{},"end":{}}],"line":19},"1":{"loc":{"start":{"line":29,"column":22},"end":{"line":29,"column":62}},"type":"cond-expr","locations":[{"start":{"line":29,"column":33},"end":{"line":29,"column":46}},{"start":{"line":29,"column":46},"end":{"line":29,"column":62}}],"line":29},"2":{"loc":{"start":{"line":34,"column":13},"end":{"line":34,"column":null}},"type":"cond-expr","locations":[{"start":{"line":34,"column":25},"end":{"line":34,"column":43}},{"start":{"line":34,"column":43},"end":{"line":34,"column":null}}],"line":34},"3":{"loc":{"start":{"line":39,"column":21},"end":{"line":39,"column":68}},"type":"cond-expr","locations":[{"start":{"line":39,"column":32},"end":{"line":39,"column":52}},{"start":{"line":39,"column":52},"end":{"line":39,"column":68}}],"line":39}},"s":{"0":0,"1":0,"2":0,"3":0,"4":0,"5":0,"6":0,"7":0,"8":0,"9":0,"10":0},"f":{"0":0,"1":0,"2":0,"3":0,"4":0,"5":0},"b":{"0":[0,0],"1":[0,0],"2":[0,0],"3":[0,0]},"meta":{"lastBranch":4,"lastFunction":6,"lastStatement":11,"seen":{"s:9:17:9:Infinity":0,"s:10:19:10:Infinity":1,"s:11:8:11:Infinity":2,"s:12:8:16:Infinity":3,"s:18:2:22:Infinity":4,"f:18:14:18:20":0,"b:19:4:21:Infinity:undefined:undefined:undefined:undefined":0,"s:19:4:21:Infinity":5,"s:20:6:20:Infinity":6,"f:26:2:26:Infinity":1,"b:29:33:29:46:29:46:29:62":1,"f:29:71:29:75":2,"s:29:62:29:79":7,"b:34:25:34:43:34:43:34:Infinity":2,"f:35:26:35:35":3,"s:35:17:35:39":8,"b:39:32:39:52:39:52:39:68":3,"f:39:77:39:88":4,"s:39:68:39:92":9,"f:44:12:44:20":5,"s:44:20:44:96":10}}}
,"E:\\FinalTask\\finalTask\\app\\components\\HeaderComponent.vue": {"path":"E:\\FinalTask\\finalTask\\app\\components\\HeaderComponent.vue","statementMap":{"0":{"start":{"line":21,"column":15},"end":{"line":21,"column":26}},"1":{"start":{"line":23,"column":15},"end":{"line":23,"column":23}},"2":{"start":{"line":24,"column":1},"end":{"line":40,"column":null}},"3":{"start":{"line":25,"column":10},"end":{"line":25,"column":20}},"4":{"start":{"line":27,"column":6},"end":{"line":37,"column":null}},"5":{"start":{"line":28,"column":8},"end":{"line":28,"column":null}},"6":{"start":{"line":29,"column":13},"end":{"line":37,"column":null}},"7":{"start":{"line":30,"column":8},"end":{"line":30,"column":null}},"8":{"start":{"line":31,"column":13},"end":{"line":37,"column":null}},"9":{"start":{"line":32,"column":8},"end":{"line":32,"column":null}},"10":{"start":{"line":33,"column":13},"end":{"line":37,"column":null}},"11":{"start":{"line":34,"column":8},"end":{"line":34,"column":null}},"12":{"start":{"line":36,"column":8},"end":{"line":36,"column":null}},"13":{"start":{"line":5,"column":25},"end":{"line":11,"column":62}},"14":{"start":{"line":5,"column":61},"end":{"line":7,"column":64}}},"fnMap":{"0":{"name":"(anonymous_0)","decl":{"start":{"line":25,"column":4},"end":{"line":25,"column":5}},"loc":{"start":{"line":25,"column":10},"end":{"line":25,"column":20}},"line":25},"1":{"name":"(anonymous_1)","decl":{"start":{"line":26,"column":4},"end":{"line":26,"column":5}},"loc":{"start":{"line":26,"column":17},"end":{"line":38,"column":5}},"line":26},"2":{"name":"(anonymous_2)","decl":{"start":{"line":3,"column":4},"end":{"line":3,"column":15}},"loc":{"start":{"line":3,"column":37},"end":{"line":3,"column":37}},"line":3},"3":{"name":"(anonymous_3)","decl":{"start":{"line":4,"column":4},"end":{"line":4,"column":15}},"loc":{"start":{"line":13,"column":15},"end":{"line":11,"column":62}},"line":13},"4":{"name":"(anonymous_4)","decl":{"start":{"line":5,"column":6},"end":{"line":5,"column":25}},"loc":{"start":{"line":9,"column":20},"end":{"line":7,"column":64}},"line":9},"5":{"name":"(anonymous_5)","decl":{"start":{"line":6,"column":8},"end":{"line":6,"column":12}},"loc":{"start":{"line":5,"column":61},"end":{"line":7,"column":64}},"line":5}},"branchMap":{"0":{"loc":{"start":{"line":27,"column":6},"end":{"line":37,"column":null}},"type":"if","locations":[{"start":{"line":27,"column":6},"end":{"line":37,"column":null}},{"start":{"line":29,"column":13},"end":{"line":37,"column":null}}],"line":27},"1":{"loc":{"start":{"line":27,"column":10},"end":{"line":27,"column":63}},"type":"binary-expr","locations":[{"start":{"line":27,"column":10},"end":{"line":27,"column":30}},{"start":{"line":27,"column":34},"end":{"line":27,"column":63}}],"line":27},"2":{"loc":{"start":{"line":29,"column":13},"end":{"line":37,"column":null}},"type":"if","locations":[{"start":{"line":29,"column":13},"end":{"line":37,"column":null}},{"start":{"line":31,"column":13},"end":{"line":37,"column":null}}],"line":29},"3":{"loc":{"start":{"line":31,"column":13},"end":{"line":37,"column":null}},"type":"if","locations":[{"start":{"line":31,"column":13},"end":{"line":37,"column":null}},{"start":{"line":33,"column":13},"end":{"line":37,"column":null}}],"line":31},"4":{"loc":{"start":{"line":33,"column":13},"end":{"line":37,"column":null}},"type":"if","locations":[{"start":{"line":33,"column":13},"end":{"line":37,"column":null}},{"start":{"line":35,"column":13},"end":{"line":37,"column":null}}],"line":33},"5":{"loc":{"start":{"line":5,"column":25},"end":{"line":11,"column":62}},"type":"if","locations":[{"start":{"line":5,"column":25},"end":{"line":11,"column":62}}],"line":5},"6":{"loc":{"start":{"line":5,"column":25},"end":{"line":11,"column":62}},"type":"cond-expr","locations":[{"start":{"line":5,"column":6},"end":{"line":7,"column":64}},{"start":{"line":10,"column":6},"end":{"line":11,"column":62}}],"line":5}},"s":{"0":0,"1":0,"2":0,"3":0,"4":0,"5":0,"6":0,"7":0,"8":0,"9":0,"10":0,"11":0,"12":0,"13":0,"14":0},"f":{"0":0,"1":0,"2":0,"3":0,"4":0,"5":0},"b":{"0":[0,0],"1":[0,0],"2":[0,0],"3":[0,0],"4":[0,0],"5":[0],"6":[0,0]},"meta":{"lastBranch":7,"lastFunction":6,"lastStatement":15,"seen":{"s:21:15:21:26":0,"s:23:15:23:23":1,"s:24:1:40:Infinity":2,"f:25:4:25:5":0,"s:25:10:25:20":3,"f:26:4:26:5":1,"b:27:6:37:Infinity:29:13:37:Infinity":0,"s:27:6:37:Infinity":4,"b:27:10:27:30:27:34:27:63":1,"s:28:8:28:Infinity":5,"b:29:13:37:Infinity:31:13:37:Infinity":2,"s:29:13:37:Infinity":6,"s:30:8:30:Infinity":7,"b:31:13:37:Infinity:33:13:37:Infinity":3,"s:31:13:37:Infinity":8,"s:32:8:32:Infinity":9,"b:33:13:37:Infinity:35:13:37:Infinity":4,"s:33:13:37:Infinity":10,"s:34:8:34:Infinity":11,"s:36:8:36:Infinity":12,"f:3:4:3:15":2,"f:4:4:4:15":3,"b:5:25:11:62":5,"s:5:25:11:62":13,"f:5:6:5:25":4,"b:5:6:7:64:10:6:11:62":6,"f:6:8:6:12":5,"s:5:61:7:64":14}}}
,"E:\\FinalTask\\finalTask\\app\\components\\IconRemove.vue": {"path":"E:\\FinalTask\\finalTask\\app\\components\\IconRemove.vue","statementMap":{},"fnMap":{},"branchMap":{},"s":{},"f":{},"b":{},"meta":{"lastBranch":0,"lastFunction":0,"lastStatement":0,"seen":{}}}
,"E:\\FinalTask\\finalTask\\app\\components\\IconSkills.vue": {"path":"E:\\FinalTask\\finalTask\\app\\components\\IconSkills.vue","statementMap":{},"fnMap":{},"branchMap":{"0":{"loc":{"start":{"line":4,"column":13},"end":{"line":4,"column":null}},"type":"cond-expr","locations":[{"start":{"line":4,"column":17},"end":{"line":4,"column":null}},{"start":{"line":4,"column":17},"end":{"line":4,"column":null}}],"line":4}},"s":{},"f":{},"b":{"0":[0,0]},"meta":{"lastBranch":1,"lastFunction":0,"lastStatement":0,"seen":{"b:4:17:4:Infinity:4:17:4:Infinity":0}}}
,"E:\\FinalTask\\finalTask\\app\\components\\LanguagesContainer.vue": {"path":"E:\\FinalTask\\finalTask\\app\\components\\LanguagesContainer.vue","statementMap":{"0":{"start":{"line":5,"column":8},"end":{"line":5,"column":null}},"1":{"start":{"line":10,"column":15},"end":{"line":10,"column":null}},"2":{"start":{"line":15,"column":8},"end":{"line":15,"column":null}},"3":{"start":{"line":16,"column":2},"end":{"line":18,"column":null}},"4":{"start":{"line":17,"column":4},"end":{"line":17,"column":null}},"5":{"start":{"line":20,"column":2},"end":{"line":28,"column":null}},"6":{"start":{"line":21,"column":10},"end":{"line":21,"column":null}},"7":{"start":{"line":23,"column":6},"end":{"line":23,"column":null}},"8":{"start":{"line":24,"column":6},"end":{"line":26,"column":null}},"9":{"start":{"line":25,"column":8},"end":{"line":25,"column":null}},"10":{"start":{"line":30,"column":2},"end":{"line":34,"column":null}},"11":{"start":{"line":31,"column":20},"end":{"line":31,"column":null}},"12":{"start":{"line":31,"column":47},"end":{"line":31,"column":79}},"13":{"start":{"line":32,"column":4},"end":{"line":32,"column":null}},"14":{"start":{"line":33,"column":4},"end":{"line":33,"column":null}},"15":{"start":{"line":35,"column":30},"end":{"line":39,"column":null}},"16":{"start":{"line":36,"column":4},"end":{"line":38,"column":null}},"17":{"start":{"line":37,"column":6},"end":{"line":37,"column":null}},"18":{"start":{"line":43,"column":7},"end":{"line":43,"column":null}},"19":{"start":{"line":45,"column":30},"end":{"line":57,"column":null}},"20":{"start":{"line":50,"column":14},"end":{"line":53,"column":null}},"21":{"start":{"line":51,"column":18},"end":{"line":51,"column":null}},"22":{"start":{"line":54,"column":67},"end":{"line":57,"column":null}}},"fnMap":{"0":{"name":"(anonymous_0)","decl":{"start":{"line":21,"column":4},"end":{"line":21,"column":10}},"loc":{"start":{"line":21,"column":10},"end":{"line":21,"column":null}},"line":21},"1":{"name":"(anonymous_1)","decl":{"start":{"line":22,"column":4},"end":{"line":22,"column":5}},"loc":{"start":{"line":22,"column":14},"end":{"line":27,"column":null}},"line":22},"2":{"name":"(anonymous_2)","decl":{"start":{"line":30,"column":25},"end":{"line":30,"column":26}},"loc":{"start":{"line":30,"column":35},"end":{"line":34,"column":3}},"line":30},"3":{"name":"(anonymous_3)","decl":{"start":{"line":31,"column":32},"end":{"line":31,"column":33}},"loc":{"start":{"line":31,"column":47},"end":{"line":31,"column":79}},"line":31},"4":{"name":"(anonymous_4)","decl":{"start":{"line":35,"column":30},"end":{"line":35,"column":31}},"loc":{"start":{"line":35,"column":67},"end":{"line":39,"column":null}},"line":35},"5":{"name":"(anonymous_5)","decl":{"start":{"line":45,"column":34},"end":{"line":45,"column":null}},"loc":{"start":{"line":45,"column":25},"end":{"line":57,"column":null}},"line":45},"6":{"name":"(anonymous_6)","decl":{"start":{"line":51,"column":54},"end":{"line":51,"column":63}},"loc":{"start":{"line":51,"column":18},"end":{"line":51,"column":null}},"line":51}},"branchMap":{"0":{"loc":{"start":{"line":31,"column":54},"end":{"line":31,"column":79}},"type":"cond-expr","locations":[{"start":{"line":31,"column":71},"end":{"line":31,"column":75}},{"start":{"line":31,"column":75},"end":{"line":31,"column":79}}],"line":31},"1":{"loc":{"start":{"line":36,"column":4},"end":{"line":38,"column":null}},"type":"if","locations":[{"start":{"line":36,"column":4},"end":{"line":38,"column":null}},{"start":{},"end":{}}],"line":36},"2":{"loc":{"start":{"line":36,"column":8},"end":{"line":36,"column":69}},"type":"binary-expr","locations":[{"start":{"line":36,"column":8},"end":{"line":36,"column":25}},{"start":{"line":36,"column":9},"end":{"line":36,"column":69}}],"line":36},"3":{"loc":{"start":{"line":50,"column":14},"end":{"line":53,"column":null}},"type":"if","locations":[{"start":{"line":50,"column":14},"end":{"line":53,"column":null}}],"line":50}},"s":{"0":0,"1":0,"2":0,"3":0,"4":0,"5":0,"6":0,"7":0,"8":0,"9":0,"10":0,"11":0,"12":0,"13":0,"14":0,"15":0,"16":0,"17":0,"18":0,"19":0,"20":0,"21":0,"22":0},"f":{"0":0,"1":0,"2":0,"3":0,"4":0,"5":0,"6":0},"b":{"0":[0,0],"1":[0,0],"2":[0,0],"3":[0]},"meta":{"lastBranch":4,"lastFunction":7,"lastStatement":23,"seen":{"s:5:8:5:Infinity":0,"s:10:15:10:Infinity":1,"s:15:8:15:Infinity":2,"s:16:2:18:Infinity":3,"s:17:4:17:Infinity":4,"s:20:2:28:Infinity":5,"f:21:4:21:10":0,"s:21:10:21:Infinity":6,"f:22:4:22:5":1,"s:23:6:23:Infinity":7,"s:24:6:26:Infinity":8,"s:25:8:25:Infinity":9,"s:30:2:34:Infinity":10,"f:30:25:30:26":2,"s:31:20:31:Infinity":11,"f:31:32:31:33":3,"s:31:47:31:79":12,"b:31:71:31:75:31:75:31:79":0,"s:32:4:32:Infinity":13,"s:33:4:33:Infinity":14,"s:35:30:39:Infinity":15,"f:35:30:35:31":4,"b:36:4:38:Infinity:undefined:undefined:undefined:undefined":1,"s:36:4:38:Infinity":16,"b:36:8:36:25:36:9:36:69":2,"s:37:6:37:Infinity":17,"s:43:7:43:Infinity":18,"s:45:30:57:Infinity":19,"f:45:34:45:Infinity":5,"b:50:14:53:Infinity":3,"s:50:14:53:Infinity":20,"f:51:54:51:63":6,"s:51:18:51:Infinity":21,"s:54:67:57:Infinity":22}}}
,"E:\\FinalTask\\finalTask\\app\\components\\ModalDialog.vue": {"path":"E:\\FinalTask\\finalTask\\app\\components\\ModalDialog.vue","statementMap":{"0":{"start":{"line":21,"column":16},"end":{"line":21,"column":null}},"1":{"start":{"line":22,"column":15},"end":{"line":22,"column":null}},"2":{"start":{"line":26,"column":8},"end":{"line":29,"column":null}},"3":{"start":{"line":27,"column":15},"end":{"line":27,"column":null}},"4":{"start":{"line":28,"column":20},"end":{"line":28,"column":null}},"5":{"start":{"line":3,"column":21},"end":{"line":3,"column":null}}},"fnMap":{"0":{"name":"(anonymous_0)","decl":{"start":{"line":27,"column":9},"end":{"line":27,"column":15}},"loc":{"start":{"line":27,"column":15},"end":{"line":27,"column":null}},"line":27},"1":{"name":"(anonymous_1)","decl":{"start":{"line":28,"column":9},"end":{"line":28,"column":10}},"loc":{"start":{"line":28,"column":20},"end":{"line":28,"column":null}},"line":28},"2":{"name":"(anonymous_2)","decl":{"start":{"line":3,"column":21},"end":{"line":3,"column":30}},"loc":{"start":{"line":3,"column":21},"end":{"line":3,"column":null}},"line":3},"3":{"name":"(anonymous_3)","decl":{"start":{"line":2,"column":2},"end":{"line":2,"column":null}},"loc":{"start":{"line":11,"column":11},"end":{"line":10,"column":null}},"line":11}},"branchMap":{"0":{"loc":{"start":{"line":5,"column":21},"end":{"line":5,"column":null}},"type":"binary-expr","locations":[{"start":{"line":5,"column":21},"end":{"line":5,"column":26}},{"start":{"line":5,"column":26},"end":{"line":5,"column":null}}],"line":5}},"s":{"0":0,"1":0,"2":0,"3":0,"4":0,"5":0},"f":{"0":0,"1":0,"2":0,"3":0},"b":{"0":[0,0]},"meta":{"lastBranch":1,"lastFunction":4,"lastStatement":6,"seen":{"s:21:16:21:Infinity":0,"s:22:15:22:Infinity":1,"s:26:8:29:Infinity":2,"f:27:9:27:15":0,"s:27:15:27:Infinity":3,"f:28:9:28:10":1,"s:28:20:28:Infinity":4,"f:3:21:3:30":2,"s:3:21:3:Infinity":5,"b:5:21:5:26:5:26:5:Infinity":0,"f:2:2:2:Infinity":3}}}
,"E:\\FinalTask\\finalTask\\app\\components\\PageTabs.vue": {"path":"E:\\FinalTask\\finalTask\\app\\components\\PageTabs.vue","statementMap":{"0":{"start":{"line":9,"column":2},"end":{"line":9,"column":null}},"1":{"start":{"line":11,"column":8},"end":{"line":11,"column":null}},"2":{"start":{"line":12,"column":10},"end":{"line":14,"column":null}},"3":{"start":{"line":13,"column":22},"end":{"line":13,"column":null}},"4":{"start":{"line":13,"column":40},"end":{"line":13,"column":null}},"5":{"start":{"line":14,"column":3},"end":{"line":14,"column":null}},"6":{"start":{"line":18,"column":2},"end":{"line":18,"column":9}},"7":{"start":{"line":31,"column":9},"end":{"line":28,"column":null}},"8":{"start":{"line":25,"column":14},"end":{"line":28,"column":null}},"9":{"start":{"line":20,"column":6},"end":{"line":22,"column":45}},"10":{"start":{"line":24,"column":12},"end":{"line":22,"column":45}},"11":{"start":{"line":23,"column":19},"end":{"line":22,"column":45}},"12":{"start":{"line":22,"column":45},"end":{"line":22,"column":45}},"13":{"start":{"line":29,"column":17},"end":{"line":28,"column":null}},"14":{"start":{"line":28,"column":16},"end":{"line":28,"column":null}}},"fnMap":{"0":{"name":"(anonymous_0)","decl":{"start":{"line":12,"column":22},"end":{"line":12,"column":27}},"loc":{"start":{"line":12,"column":27},"end":{"line":14,"column":null}},"line":12},"1":{"name":"(anonymous_1)","decl":{"start":{"line":13,"column":31},"end":{"line":13,"column":36}},"loc":{"start":{"line":13,"column":40},"end":{"line":13,"column":null}},"line":13},"2":{"name":"(anonymous_2)","decl":{"start":{"line":25,"column":14},"end":{"line":25,"column":null}},"loc":{"start":{"line":25,"column":14},"end":{"line":28,"column":null}},"line":25},"3":{"name":"(anonymous_4)","decl":{"start":{"line":20,"column":6},"end":{"line":20,"column":30}},"loc":{"start":{"line":20,"column":6},"end":{"line":22,"column":45}},"line":20},"4":{"name":"(anonymous_5)","decl":{"start":{"line":23,"column":19},"end":{"line":23,"column":null}},"loc":{"start":{"line":23,"column":19},"end":{"line":22,"column":45}},"line":23},"5":{"name":"(anonymous_6)","decl":{"start":{"line":22,"column":45},"end":{"line":22,"column":null}},"loc":{"start":{"line":22,"column":45},"end":{"line":22,"column":45}},"line":22},"6":{"name":"(anonymous_7)","decl":{"start":{"line":29,"column":17},"end":{"line":29,"column":null}},"loc":{"start":{"line":29,"column":17},"end":{"line":28,"column":null}},"line":29},"7":{"name":"(anonymous_8)","decl":{"start":{"line":28,"column":16},"end":{"line":28,"column":null}},"loc":{"start":{"line":28,"column":16},"end":{"line":28,"column":null}},"line":28}},"branchMap":{"0":{"loc":{"start":{"line":14,"column":3},"end":{"line":14,"column":null}},"type":"binary-expr","locations":[{"start":{"line":14,"column":3},"end":{"line":14,"column":null}},{"start":{"line":14,"column":3},"end":{"line":14,"column":null}},{"start":{"line":14,"column":3},"end":{"line":14,"column":null}}],"line":14}},"s":{"0":0,"1":0,"2":0,"3":0,"4":0,"5":0,"6":0,"7":0,"8":0,"9":0,"10":0,"11":0,"12":0,"13":0,"14":0},"f":{"0":0,"1":0,"2":0,"3":0,"4":0,"5":0,"6":0,"7":0},"b":{"0":[0,0,0]},"meta":{"lastBranch":0,"lastFunction":0,"lastStatement":0,"seen":{}}}
,"E:\\FinalTask\\finalTask\\app\\components\\ProfileForm.vue": {"path":"E:\\FinalTask\\finalTask\\app\\components\\ProfileForm.vue","statementMap":{"0":{"start":{"line":9,"column":16},"end":{"line":9,"column":null}},"1":{"start":{"line":13,"column":39},"end":{"line":13,"column":null}},"2":{"start":{"line":14,"column":19},"end":{"line":14,"column":null}},"3":{"start":{"line":16,"column":8},"end":{"line":16,"column":null}},"4":{"start":{"line":17,"column":8},"end":{"line":17,"column":null}},"5":{"start":{"line":18,"column":8},"end":{"line":18,"column":null}},"6":{"start":{"line":20,"column":2},"end":{"line":29,"column":null}},"7":{"start":{"line":21,"column":10},"end":{"line":21,"column":null}},"8":{"start":{"line":23,"column":6},"end":{"line":26,"column":null}},"9":{"start":{"line":24,"column":8},"end":{"line":24,"column":null}},"10":{"start":{"line":25,"column":8},"end":{"line":25,"column":null}},"11":{"start":{"line":31,"column":8},"end":{"line":34,"column":null}},"12":{"start":{"line":32,"column":4},"end":{"line":32,"column":null}},"13":{"start":{"line":32,"column":47},"end":{"line":32,"column":null}},"14":{"start":{"line":33,"column":4},"end":{"line":33,"column":null}},"15":{"start":{"line":36,"column":23},"end":{"line":88,"column":null}},"16":{"start":{"line":37,"column":4},"end":{"line":37,"column":null}},"17":{"start":{"line":37,"column":61},"end":{"line":37,"column":null}},"18":{"start":{"line":39,"column":4},"end":{"line":87,"column":null}},"19":{"start":{"line":40,"column":6},"end":{"line":40,"column":null}},"20":{"start":{"line":41,"column":22},"end":{"line":41,"column":null}},"21":{"start":{"line":43,"column":27},"end":{"line":45,"column":null}},"22":{"start":{"line":44,"column":15},"end":{"line":44,"column":null}},"23":{"start":{"line":46,"column":25},"end":{"line":48,"column":null}},"24":{"start":{"line":47,"column":15},"end":{"line":47,"column":null}},"25":{"start":{"line":50,"column":27},"end":{"line":59,"column":null}},"26":{"start":{"line":61,"column":30},"end":{"line":70,"column":null}},"27":{"start":{"line":72,"column":6},"end":{"line":74,"column":null}},"28":{"start":{"line":73,"column":8},"end":{"line":73,"column":null}},"29":{"start":{"line":76,"column":6},"end":{"line":80,"column":null}},"30":{"start":{"line":77,"column":8},"end":{"line":79,"column":null}},"31":{"start":{"line":78,"column":10},"end":{"line":78,"column":null}},"32":{"start":{"line":82,"column":6},"end":{"line":82,"column":null}},"33":{"start":{"line":86,"column":6},"end":{"line":86,"column":null}},"34":{"start":{"line":92,"column":7},"end":{"line":92,"column":null}},"35":{"start":{"line":95,"column":33},"end":{"line":108,"column":null}},"36":{"start":{"line":97,"column":20},"end":{"line":97,"column":95}},"37":{"start":{"line":99,"column":20},"end":{"line":108,"column":null}},"38":{"start":{"line":101,"column":23},"end":{"line":101,"column":47}},"39":{"start":{"line":103,"column":25},"end":{"line":108,"column":null}},"40":{"start":{"line":104,"column":23},"end":{"line":104,"column":null}},"41":{"start":{"line":96,"column":10},"end":{"line":108,"column":null}}},"fnMap":{"0":{"name":"(anonymous_0)","decl":{"start":{"line":21,"column":4},"end":{"line":21,"column":10}},"loc":{"start":{"line":21,"column":10},"end":{"line":21,"column":null}},"line":21},"1":{"name":"(anonymous_1)","decl":{"start":{"line":22,"column":4},"end":{"line":22,"column":5}},"loc":{"start":{"line":22,"column":17},"end":{"line":27,"column":null}},"line":22},"2":{"name":"(anonymous_2)","decl":{"start":{"line":31,"column":30},"end":{"line":31,"column":36}},"loc":{"start":{"line":31,"column":36},"end":{"line":34,"column":3}},"line":31},"3":{"name":"(anonymous_3)","decl":{"start":{"line":36,"column":23},"end":{"line":36,"column":35}},"loc":{"start":{"line":36,"column":35},"end":{"line":88,"column":null}},"line":36},"4":{"name":"(anonymous_4)","decl":{"start":{"line":44,"column":8},"end":{"line":44,"column":9}},"loc":{"start":{"line":44,"column":15},"end":{"line":44,"column":null}},"line":44},"5":{"name":"(anonymous_5)","decl":{"start":{"line":47,"column":8},"end":{"line":47,"column":9}},"loc":{"start":{"line":47,"column":15},"end":{"line":47,"column":null}},"line":47},"6":{"name":"(anonymous_6)","decl":{"start":{"line":93,"column":4},"end":{"line":93,"column":null}},"loc":{"start":{"line":120,"column":11},"end":{"line":119,"column":32}},"line":120},"7":{"name":"(anonymous_7)","decl":{"start":{"line":95,"column":41},"end":{"line":95,"column":49}},"loc":{"start":{"line":95,"column":29},"end":{"line":108,"column":null}},"line":95},"8":{"name":"(anonymous_8)","decl":{"start":{"line":101,"column":28},"end":{"line":101,"column":33}},"loc":{"start":{"line":101,"column":23},"end":{"line":101,"column":47}},"line":101},"9":{"name":"(anonymous_9)","decl":{"start":{"line":104,"column":28},"end":{"line":104,"column":33}},"loc":{"start":{"line":104,"column":23},"end":{"line":104,"column":null}},"line":104}},"branchMap":{"0":{"loc":{"start":{"line":23,"column":6},"end":{"line":26,"column":null}},"type":"if","locations":[{"start":{"line":23,"column":6},"end":{"line":26,"column":null}},{"start":{},"end":{}}],"line":23},"1":{"loc":{"start":{"line":32,"column":4},"end":{"line":32,"column":null}},"type":"if","locations":[{"start":{"line":32,"column":4},"end":{"line":32,"column":null}},{"start":{},"end":{}}],"line":32},"2":{"loc":{"start":{"line":32,"column":8},"end":{"line":32,"column":47}},"type":"binary-expr","locations":[{"start":{"line":32,"column":8},"end":{"line":32,"column":27}},{"start":{"line":32,"column":27},"end":{"line":32,"column":47}}],"line":32},"3":{"loc":{"start":{"line":37,"column":4},"end":{"line":37,"column":null}},"type":"if","locations":[{"start":{"line":37,"column":4},"end":{"line":37,"column":null}},{"start":{},"end":{}}],"line":37},"4":{"loc":{"start":{"line":37,"column":8},"end":{"line":37,"column":61}},"type":"binary-expr","locations":[{"start":{"line":37,"column":8},"end":{"line":37,"column":27}},{"start":{"line":37,"column":27},"end":{"line":37,"column":42}},{"start":{"line":37,"column":42},"end":{"line":37,"column":61}}],"line":37},"5":{"loc":{"start":{"line":55,"column":26},"end":{"line":55,"column":null}},"type":"binary-expr","locations":[{"start":{"line":55,"column":26},"end":{"line":55,"column":42}},{"start":{"line":55,"column":42},"end":{"line":55,"column":null}}],"line":55},"6":{"loc":{"start":{"line":56,"column":24},"end":{"line":56,"column":null}},"type":"binary-expr","locations":[{"start":{"line":56,"column":24},"end":{"line":56,"column":38}},{"start":{"line":56,"column":38},"end":{"line":56,"column":null}}],"line":56},"7":{"loc":{"start":{"line":72,"column":6},"end":{"line":74,"column":null}},"type":"if","locations":[{"start":{"line":72,"column":6},"end":{"line":74,"column":null}},{"start":{},"end":{}}],"line":72},"8":{"loc":{"start":{"line":76,"column":6},"end":{"line":80,"column":null}},"type":"if","locations":[{"start":{"line":76,"column":6},"end":{"line":80,"column":null}},{"start":{},"end":{}}],"line":76},"9":{"loc":{"start":{"line":77,"column":8},"end":{"line":79,"column":null}},"type":"if","locations":[{"start":{"line":77,"column":8},"end":{"line":79,"column":null}},{"start":{},"end":{}}],"line":77},"10":{"loc":{"start":{"line":99,"column":20},"end":{"line":108,"column":null}},"type":"if","locations":[{"start":{"line":99,"column":20},"end":{"line":108,"column":null}},{"start":{"line":103,"column":25},"end":{"line":108,"column":null}}],"line":99},"11":{"loc":{"start":{"line":103,"column":25},"end":{"line":108,"column":null}},"type":"if","locations":[{"start":{"line":103,"column":25},"end":{"line":108,"column":null}}],"line":103},"12":{"loc":{"start":{"line":117,"column":17},"end":{"line":117,"column":null}},"type":"binary-expr","locations":[{"start":{"line":117,"column":17},"end":{"line":117,"column":34}},{"start":{"line":117,"column":34},"end":{"line":117,"column":45}},{"start":{"line":117,"column":45},"end":{"line":117,"column":null}}],"line":117},"13":{"loc":{"start":{"line":99,"column":20},"end":{"line":108,"column":null}},"type":"cond-expr","locations":[{"start":{"line":99,"column":29},"end":{"line":101,"column":47}},{"start":{"line":103,"column":25},"end":{"line":108,"column":null}}],"line":99},"14":{"loc":{"start":{"line":103,"column":25},"end":{"line":108,"column":null}},"type":"cond-expr","locations":[{"start":{"line":103,"column":34},"end":{"line":108,"column":null}}],"line":103}},"s":{"0":0,"1":0,"2":0,"3":0,"4":0,"5":0,"6":0,"7":0,"8":0,"9":0,"10":0,"11":0,"12":0,"13":0,"14":0,"15":0,"16":0,"17":0,"18":0,"19":0,"20":0,"21":0,"22":0,"23":0,"24":0,"25":0,"26":0,"27":0,"28":0,"29":0,"30":0,"31":0,"32":0,"33":0,"34":0,"35":0,"36":0,"37":0,"38":0,"39":0,"40":0,"41":0},"f":{"0":0,"1":0,"2":0,"3":0,"4":0,"5":0,"6":0,"7":0,"8":0,"9":0},"b":{"0":[0,0],"1":[0,0],"2":[0,0],"3":[0,0],"4":[0,0,0],"5":[0,0],"6":[0,0],"7":[0,0],"8":[0,0],"9":[0,0],"10":[0,0],"11":[0],"12":[0,0,0],"13":[0,0],"14":[0]},"meta":{"lastBranch":15,"lastFunction":10,"lastStatement":42,"seen":{"s:9:16:9:Infinity":0,"s:13:39:13:Infinity":1,"s:14:19:14:Infinity":2,"s:16:8:16:Infinity":3,"s:17:8:17:Infinity":4,"s:18:8:18:Infinity":5,"s:20:2:29:Infinity":6,"f:21:4:21:10":0,"s:21:10:21:Infinity":7,"f:22:4:22:5":1,"b:23:6:26:Infinity:undefined:undefined:undefined:undefined":0,"s:23:6:26:Infinity":8,"s:24:8:24:Infinity":9,"s:25:8:25:Infinity":10,"s:31:8:34:Infinity":11,"f:31:30:31:36":2,"b:32:4:32:Infinity:undefined:undefined:undefined:undefined":1,"s:32:4:32:Infinity":12,"b:32:8:32:27:32:27:32:47":2,"s:32:47:32:Infinity":13,"s:33:4:33:Infinity":14,"s:36:23:88:Infinity":15,"f:36:23:36:35":3,"b:37:4:37:Infinity:undefined:undefined:undefined:undefined":3,"s:37:4:37:Infinity":16,"b:37:8:37:27:37:27:37:42:37:42:37:61":4,"s:37:61:37:Infinity":17,"s:39:4:87:Infinity":18,"s:40:6:40:Infinity":19,"s:41:22:41:Infinity":20,"s:43:27:45:Infinity":21,"f:44:8:44:9":4,"s:44:15:44:Infinity":22,"s:46:25:48:Infinity":23,"f:47:8:47:9":5,"s:47:15:47:Infinity":24,"s:50:27:59:Infinity":25,"b:55:26:55:42:55:42:55:Infinity":5,"b:56:24:56:38:56:38:56:Infinity":6,"s:61:30:70:Infinity":26,"b:72:6:74:Infinity:undefined:undefined:undefined:undefined":7,"s:72:6:74:Infinity":27,"s:73:8:73:Infinity":28,"b:76:6:80:Infinity:undefined:undefined:undefined:undefined":8,"s:76:6:80:Infinity":29,"b:77:8:79:Infinity:undefined:undefined:undefined:undefined":9,"s:77:8:79:Infinity":30,"s:78:10:78:Infinity":31,"s:82:6:82:Infinity":32,"s:86:6:86:Infinity":33,"s:92:7:92:Infinity":34,"f:93:4:93:Infinity":6,"s:95:33:108:Infinity":35,"f:95:41:95:49":7,"s:97:20:97:95":36,"b:99:20:108:Infinity:103:25:108:Infinity":10,"s:99:20:108:Infinity":37,"f:101:28:101:33":8,"s:101:23:101:47":38,"b:103:25:108:Infinity":11,"s:103:25:108:Infinity":39,"f:104:28:104:33":9,"s:104:23:104:Infinity":40,"b:117:17:117:34:117:34:117:45:117:45:117:Infinity":12,"s:96:10:108:Infinity":41,"b:99:29:101:47:103:25:108:Infinity":13,"b:103:34:108:Infinity":14}}}
,"E:\\FinalTask\\finalTask\\app\\components\\ProjectForm.vue": {"path":"E:\\FinalTask\\finalTask\\app\\components\\ProjectForm.vue","statementMap":{"0":{"start":{"line":90,"column":26},"end":{"line":102,"column":null}},"1":{"start":{"line":91,"column":4},"end":{"line":91,"column":null}},"2":{"start":{"line":91,"column":15},"end":{"line":91,"column":null}},"3":{"start":{"line":93,"column":4},"end":{"line":95,"column":null}},"4":{"start":{"line":94,"column":6},"end":{"line":94,"column":null}},"5":{"start":{"line":97,"column":4},"end":{"line":99,"column":null}},"6":{"start":{"line":98,"column":6},"end":{"line":98,"column":null}},"7":{"start":{"line":101,"column":4},"end":{"line":101,"column":null}},"8":{"start":{"line":2,"column":7},"end":{"line":2,"column":null}},"9":{"start":{"line":4,"column":63},"end":{"line":4,"column":null}},"10":{"start":{"line":5,"column":33},"end":{"line":56,"column":null}},"11":{"start":{"line":13,"column":20},"end":{"line":56,"column":null}},"12":{"start":{"line":15,"column":23},"end":{"line":15,"column":null}},"13":{"start":{"line":23,"column":25},"end":{"line":56,"column":null}},"14":{"start":{"line":24,"column":23},"end":{"line":24,"column":null}},"15":{"start":{"line":33,"column":25},"end":{"line":56,"column":null}},"16":{"start":{"line":35,"column":23},"end":{"line":35,"column":null}},"17":{"start":{"line":42,"column":25},"end":{"line":56,"column":null}},"18":{"start":{"line":44,"column":23},"end":{"line":44,"column":null}},"19":{"start":{"line":50,"column":25},"end":{"line":56,"column":null}},"20":{"start":{"line":51,"column":23},"end":{"line":51,"column":null}},"21":{"start":{"line":64,"column":74},"end":{"line":64,"column":93}},"22":{"start":{"line":65,"column":54},"end":{"line":65,"column":85}},"23":{"start":{"line":6,"column":10},"end":{"line":56,"column":null}}},"fnMap":{"0":{"name":"(anonymous_0)","decl":{"start":{"line":90,"column":26},"end":{"line":90,"column":27}},"loc":{"start":{"line":90,"column":48},"end":{"line":102,"column":null}},"line":90},"1":{"name":"(anonymous_1)","decl":{"start":{"line":3,"column":4},"end":{"line":3,"column":null}},"loc":{"start":{"line":67,"column":11},"end":{"line":65,"column":85}},"line":67},"2":{"name":"(anonymous_2)","decl":{"start":{"line":5,"column":37},"end":{"line":5,"column":45}},"loc":{"start":{"line":5,"column":29},"end":{"line":56,"column":null}},"line":5},"3":{"name":"(anonymous_3)","decl":{"start":{"line":15,"column":28},"end":{"line":15,"column":33}},"loc":{"start":{"line":15,"column":23},"end":{"line":15,"column":null}},"line":15},"4":{"name":"(anonymous_4)","decl":{"start":{"line":24,"column":28},"end":{"line":24,"column":33}},"loc":{"start":{"line":24,"column":23},"end":{"line":24,"column":null}},"line":24},"5":{"name":"(anonymous_5)","decl":{"start":{"line":35,"column":28},"end":{"line":35,"column":33}},"loc":{"start":{"line":35,"column":23},"end":{"line":35,"column":null}},"line":35},"6":{"name":"(anonymous_6)","decl":{"start":{"line":44,"column":28},"end":{"line":44,"column":33}},"loc":{"start":{"line":44,"column":23},"end":{"line":44,"column":null}},"line":44},"7":{"name":"(anonymous_7)","decl":{"start":{"line":51,"column":28},"end":{"line":51,"column":33}},"loc":{"start":{"line":51,"column":23},"end":{"line":51,"column":null}},"line":51},"8":{"name":"(anonymous_8)","decl":{"start":{"line":64,"column":72},"end":{"line":64,"column":74}},"loc":{"start":{"line":64,"column":74},"end":{"line":64,"column":93}},"line":64},"9":{"name":"(anonymous_9)","decl":{"start":{"line":65,"column":52},"end":{"line":65,"column":54}},"loc":{"start":{"line":65,"column":54},"end":{"line":65,"column":85}},"line":65}},"branchMap":{"0":{"loc":{"start":{"line":91,"column":4},"end":{"line":91,"column":null}},"type":"if","locations":[{"start":{"line":91,"column":4},"end":{"line":91,"column":null}},{"start":{},"end":{}}],"line":91},"1":{"loc":{"start":{"line":93,"column":4},"end":{"line":95,"column":null}},"type":"if","locations":[{"start":{"line":93,"column":4},"end":{"line":95,"column":null}},{"start":{},"end":{}}],"line":93},"2":{"loc":{"start":{"line":97,"column":4},"end":{"line":99,"column":null}},"type":"if","locations":[{"start":{"line":97,"column":4},"end":{"line":99,"column":null}},{"start":{},"end":{}}],"line":97},"3":{"loc":{"start":{"line":97,"column":8},"end":{"line":97,"column":50}},"type":"binary-expr","locations":[{"start":{"line":97,"column":8},"end":{"line":97,"column":31}},{"start":{"line":97,"column":31},"end":{"line":97,"column":50}}],"line":97},"4":{"loc":{"start":{"line":101,"column":11},"end":{"line":101,"column":null}},"type":"binary-expr","locations":[{"start":{"line":101,"column":11},"end":{"line":101,"column":52}},{"start":{"line":101,"column":52},"end":{"line":101,"column":null}}],"line":101},"5":{"loc":{"start":{"line":13,"column":20},"end":{"line":56,"column":null}},"type":"if","locations":[{"start":{"line":13,"column":20},"end":{"line":56,"column":null}},{"start":{"line":23,"column":25},"end":{"line":56,"column":null}}],"line":13},"6":{"loc":{"start":{"line":23,"column":25},"end":{"line":56,"column":null}},"type":"if","locations":[{"start":{"line":23,"column":25},"end":{"line":56,"column":null}},{"start":{"line":33,"column":25},"end":{"line":56,"column":null}}],"line":23},"7":{"loc":{"start":{"line":33,"column":25},"end":{"line":56,"column":null}},"type":"if","locations":[{"start":{"line":33,"column":25},"end":{"line":56,"column":null}},{"start":{"line":42,"column":25},"end":{"line":56,"column":null}}],"line":33},"8":{"loc":{"start":{"line":42,"column":25},"end":{"line":56,"column":null}},"type":"if","locations":[{"start":{"line":42,"column":25},"end":{"line":56,"column":null}},{"start":{"line":50,"column":25},"end":{"line":56,"column":null}}],"line":42},"9":{"loc":{"start":{"line":50,"column":25},"end":{"line":56,"column":null}},"type":"if","locations":[{"start":{"line":50,"column":25},"end":{"line":56,"column":null}}],"line":50},"10":{"loc":{"start":{"line":65,"column":54},"end":{"line":65,"column":85}},"type":"binary-expr","locations":[{"start":{"line":65,"column":54},"end":{"line":65,"column":62}},{"start":{"line":65,"column":62},"end":{"line":65,"column":85}}],"line":65},"11":{"loc":{"start":{"line":13,"column":20},"end":{"line":56,"column":null}},"type":"cond-expr","locations":[{"start":{"line":13,"column":29},"end":{"line":23,"column":30}},{"start":{"line":23,"column":25},"end":{"line":56,"column":null}}],"line":13},"12":{"loc":{"start":{"line":23,"column":25},"end":{"line":56,"column":null}},"type":"cond-expr","locations":[{"start":{"line":23,"column":34},"end":{"line":33,"column":30}},{"start":{"line":33,"column":25},"end":{"line":56,"column":null}}],"line":23},"13":{"loc":{"start":{"line":33,"column":25},"end":{"line":56,"column":null}},"type":"cond-expr","locations":[{"start":{"line":33,"column":34},"end":{"line":40,"column":42}},{"start":{"line":42,"column":25},"end":{"line":56,"column":null}}],"line":33},"14":{"loc":{"start":{"line":42,"column":25},"end":{"line":56,"column":null}},"type":"cond-expr","locations":[{"start":{"line":42,"column":34},"end":{"line":48,"column":40}},{"start":{"line":50,"column":25},"end":{"line":56,"column":null}}],"line":42},"15":{"loc":{"start":{"line":50,"column":25},"end":{"line":56,"column":null}},"type":"cond-expr","locations":[{"start":{"line":50,"column":34},"end":{"line":56,"column":null}}],"line":50}},"s":{"0":0,"1":0,"2":0,"3":0,"4":0,"5":0,"6":0,"7":0,"8":0,"9":0,"10":0,"11":0,"12":0,"13":0,"14":0,"15":0,"16":0,"17":0,"18":0,"19":0,"20":0,"21":0,"22":0,"23":0},"f":{"0":0,"1":0,"2":0,"3":0,"4":0,"5":0,"6":0,"7":0,"8":0,"9":0},"b":{"0":[0,0],"1":[0,0],"2":[0,0],"3":[0,0],"4":[0,0],"5":[0,0],"6":[0,0],"7":[0,0],"8":[0,0],"9":[0],"10":[0,0],"11":[0,0],"12":[0,0],"13":[0,0],"14":[0,0],"15":[0]},"meta":{"lastBranch":16,"lastFunction":10,"lastStatement":24,"seen":{"s:90:26:102:Infinity":0,"f:90:26:90:27":0,"b:91:4:91:Infinity:undefined:undefined:undefined:undefined":0,"s:91:4:91:Infinity":1,"s:91:15:91:Infinity":2,"b:93:4:95:Infinity:undefined:undefined:undefined:undefined":1,"s:93:4:95:Infinity":3,"s:94:6:94:Infinity":4,"b:97:4:99:Infinity:undefined:undefined:undefined:undefined":2,"s:97:4:99:Infinity":5,"b:97:8:97:31:97:31:97:50":3,"s:98:6:98:Infinity":6,"s:101:4:101:Infinity":7,"b:101:11:101:52:101:52:101:Infinity":4,"s:2:7:2:Infinity":8,"f:3:4:3:Infinity":1,"s:4:63:4:Infinity":9,"s:5:33:56:Infinity":10,"f:5:37:5:45":2,"b:13:20:56:Infinity:23:25:56:Infinity":5,"s:13:20:56:Infinity":11,"f:15:28:15:33":3,"s:15:23:15:Infinity":12,"b:23:25:56:Infinity:33:25:56:Infinity":6,"s:23:25:56:Infinity":13,"f:24:28:24:33":4,"s:24:23:24:Infinity":14,"b:33:25:56:Infinity:42:25:56:Infinity":7,"s:33:25:56:Infinity":15,"f:35:28:35:33":5,"s:35:23:35:Infinity":16,"b:42:25:56:Infinity:50:25:56:Infinity":8,"s:42:25:56:Infinity":17,"f:44:28:44:33":6,"s:44:23:44:Infinity":18,"b:50:25:56:Infinity":9,"s:50:25:56:Infinity":19,"f:51:28:51:33":7,"s:51:23:51:Infinity":20,"f:64:72:64:74":8,"s:64:74:64:93":21,"f:65:52:65:54":9,"s:65:54:65:85":22,"b:65:54:65:62:65:62:65:85":10,"s:6:10:56:Infinity":23,"b:13:29:23:30:23:25:56:Infinity":11,"b:23:34:33:30:33:25:56:Infinity":12,"b:33:34:40:42:42:25:56:Infinity":13,"b:42:34:48:40:50:25:56:Infinity":14,"b:50:34:56:Infinity":15}}}
,"E:\\FinalTask\\finalTask\\app\\components\\SidebarMenu.vue": {"path":"E:\\FinalTask\\finalTask\\app\\components\\SidebarMenu.vue","statementMap":{"0":{"start":{"line":51,"column":2},"end":{"line":51,"column":null}},"1":{"start":{"line":53,"column":25},"end":{"line":53,"column":null}},"2":{"start":{"line":55,"column":8},"end":{"line":55,"column":null}},"3":{"start":{"line":56,"column":4},"end":{"line":81,"column":20}},"4":{"start":{"line":82,"column":4},"end":{"line":98,"column":null}},"5":{"start":{"line":83,"column":10},"end":{"line":98,"column":null}},"6":{"start":{"line":85,"column":15},"end":{"line":85,"column":24}},"7":{"start":{"line":86,"column":8},"end":{"line":93,"column":13}},"8":{"start":{"line":87,"column":6},"end":{"line":87,"column":null}},"9":{"start":{"line":88,"column":8},"end":{"line":93,"column":13}},"10":{"start":{"line":89,"column":6},"end":{"line":89,"column":null}},"11":{"start":{"line":91,"column":6},"end":{"line":91,"column":null}},"12":{"start":{"line":93,"column":13},"end":{"line":97,"column":null}},"13":{"start":{"line":2,"column":38},"end":{"line":36,"column":null}},"14":{"start":{"line":6,"column":25},"end":{"line":6,"column":25}},"15":{"start":{"line":7,"column":11},"end":{"line":17,"column":63}},"16":{"start":{"line":13,"column":20},"end":{"line":13,"column":null}},"17":{"start":{"line":14,"column":14},"end":{"line":15,"column":60}},"18":{"start":{"line":11,"column":10},"end":{"line":17,"column":63}},"19":{"start":{"line":24,"column":15},"end":{"line":36,"column":null}},"20":{"start":{"line":27,"column":13},"end":{"line":34,"column":38}},"21":{"start":{"line":26,"column":10},"end":{"line":36,"column":null}},"22":{"start":{"line":3,"column":4},"end":{"line":36,"column":null}},"23":{"start":{"line":19,"column":19},"end":{"line":17,"column":63}},"24":{"start":{"line":11,"column":15},"end":{"line":17,"column":63}},"25":{"start":{"line":34,"column":38},"end":{"line":36,"column":null}}},"fnMap":{"0":{"name":"(anonymous_0)","decl":{"start":{"line":83,"column":6},"end":{"line":83,"column":10}},"loc":{"start":{"line":83,"column":10},"end":{"line":98,"column":null}},"line":83},"1":{"name":"(anonymous_1)","decl":{"start":{"line":83,"column":21},"end":{"line":83,"column":null}},"loc":{"start":{"line":83,"column":21},"end":{"line":98,"column":null}},"line":83},"2":{"name":"(anonymous_2)","decl":{"start":{"line":5,"column":8},"end":{"line":5,"column":null}},"loc":{"start":{"line":19,"column":19},"end":{"line":17,"column":63}},"line":19},"3":{"name":"(anonymous_3)","decl":{"start":{"line":18,"column":16},"end":{"line":18,"column":null}},"loc":{"start":{"line":11,"column":15},"end":{"line":17,"column":63}},"line":11},"4":{"name":"(anonymous_4)","decl":{"start":{"line":34,"column":38},"end":{"line":34,"column":null}},"loc":{"start":{"line":34,"column":38},"end":{"line":36,"column":null}},"line":34}},"branchMap":{"0":{"loc":{"start":{"line":86,"column":8},"end":{"line":93,"column":13}},"type":"if","locations":[{"start":{"line":86,"column":8},"end":{"line":93,"column":13}},{"start":{"line":88,"column":8},"end":{"line":93,"column":13}}],"line":86},"1":{"loc":{"start":{"line":87,"column":17},"end":{"line":87,"column":null}},"type":"binary-expr","locations":[{"start":{"line":87,"column":17},"end":{"line":87,"column":null}},{"start":{"line":87,"column":40},"end":{"line":87,"column":null}}],"line":87},"2":{"loc":{"start":{"line":88,"column":8},"end":{"line":93,"column":13}},"type":"if","locations":[{"start":{"line":88,"column":8},"end":{"line":93,"column":13}},{"start":{"line":90,"column":8},"end":{"line":93,"column":13}}],"line":88},"3":{"loc":{"start":{"line":15,"column":35},"end":{"line":15,"column":60}},"type":"cond-expr","locations":[{"start":{"line":15,"column":35},"end":{"line":15,"column":60}},{"start":{"line":15,"column":35},"end":{"line":15,"column":60}}],"line":15},"4":{"loc":{"start":{"line":15,"column":60},"end":{"line":17,"column":18}},"type":"cond-expr","locations":[{"start":{"line":15,"column":60},"end":{"line":16,"column":null}},{"start":{"line":16,"column":62},"end":{"line":17,"column":18}}],"line":15},"5":{"loc":{"start":{"line":15,"column":35},"end":{"line":16,"column":23}},"type":"cond-expr","locations":[{"start":{"line":15,"column":35},"end":{"line":15,"column":60}},{"start":{"line":15,"column":35},"end":{"line":16,"column":23}}],"line":15},"6":{"loc":{"start":{"line":25,"column":10},"end":{"line":25,"column":null}},"type":"cond-expr","locations":[{"start":{"line":25,"column":16},"end":{"line":25,"column":null}},{"start":{"line":25,"column":16},"end":{"line":25,"column":null}}],"line":25},"7":{"loc":{"start":{"line":28,"column":35},"end":{"line":28,"column":149}},"type":"binary-expr","locations":[{"start":{"line":28,"column":35},"end":{"line":28,"column":55}},{"start":{"line":28,"column":55},"end":{"line":28,"column":149}}],"line":28},"8":{"loc":{"start":{"line":33,"column":18},"end":{"line":33,"column":null}},"type":"cond-expr","locations":[{"start":{"line":33,"column":18},"end":{"line":33,"column":null}},{"start":{"line":33,"column":18},"end":{"line":33,"column":null}}],"line":33},"9":{"loc":{"start":{"line":36,"column":59},"end":{"line":36,"column":null}},"type":"binary-expr","locations":[{"start":{"line":36,"column":59},"end":{"line":36,"column":null}},{"start":{"line":36,"column":59},"end":{"line":36,"column":null}}],"line":36}},"s":{"0":0,"1":0,"2":0,"3":0,"4":0,"5":0,"6":0,"7":0,"8":0,"9":0,"10":0,"11":0,"12":0,"13":0,"14":0,"15":0,"16":0,"17":0,"18":0,"19":0,"20":0,"21":0,"22":0,"23":0,"24":0,"25":0},"f":{"0":0,"1":0,"2":0,"3":0,"4":0},"b":{"0":[0,0],"1":[0,0],"2":[0,0],"3":[0,0],"4":[0,0],"5":[0,0],"6":[0,0],"7":[0,0],"8":[0,0],"9":[0,0]},"meta":{"lastBranch":10,"lastFunction":5,"lastStatement":26,"seen":{"s:51:2:51:Infinity":0,"s:53:25:53:Infinity":1,"s:55:8:55:Infinity":2,"s:56:4:81:20":3,"s:82:4:98:Infinity":4,"f:83:6:83:10":0,"s:83:10:98:Infinity":5,"f:83:21:83:Infinity":1,"s:85:15:85:24":6,"b:86:8:93:13:88:8:93:13":0,"s:86:8:93:13":7,"s:87:6:87:Infinity":8,"b:87:17:87:Infinity:87:40:87:Infinity":1,"b:88:8:93:13:90:8:93:13":2,"s:88:8:93:13":9,"s:89:6:89:Infinity":10,"s:91:6:91:Infinity":11,"s:93:13:97:Infinity":12,"s:2:38:36:Infinity":13,"s:6:25:6:25":14,"s:7:11:17:63":15,"s:13:20:13:Infinity":16,"s:14:14:15:60":17,"b:15:35:15:60:15:35:15:60":3,"s:11:10:17:63":18,"b:15:60:16:Infinity:16:62:17:18":4,"b:15:35:15:60:15:35:16:23":5,"s:24:15:36:Infinity":19,"b:25:16:25:Infinity:25:16:25:Infinity":6,"s:27:13:34:38":20,"b:28:35:28:55:28:55:28:149":7,"b:33:18:33:Infinity:33:18:33:Infinity":8,"s:26:10:36:Infinity":21,"b:36:59:36:Infinity:36:59:36:Infinity":9,"s:3:4:36:Infinity":22,"f:5:8:5:Infinity":2,"s:19:19:17:63":23,"f:18:16:18:Infinity":3,"s:11:15:17:63":24,"f:34:38:34:Infinity":4,"s:34:38:36:Infinity":25}}}
,"E:\\FinalTask\\finalTask\\app\\components\\SkillForm.vue": {"path":"E:\\FinalTask\\finalTask\\app\\components\\SkillForm.vue","statementMap":{"0":{"start":{"line":2,"column":7},"end":{"line":2,"column":null}},"1":{"start":{"line":4,"column":63},"end":{"line":4,"column":null}},"2":{"start":{"line":5,"column":33},"end":{"line":21,"column":null}},"3":{"start":{"line":7,"column":20},"end":{"line":7,"column":95}},"4":{"start":{"line":9,"column":20},"end":{"line":21,"column":null}},"5":{"start":{"line":11,"column":23},"end":{"line":11,"column":null}},"6":{"start":{"line":14,"column":25},"end":{"line":21,"column":null}},"7":{"start":{"line":15,"column":23},"end":{"line":15,"column":null}},"8":{"start":{"line":27,"column":23},"end":{"line":27,"column":72}},"9":{"start":{"line":27,"column":37},"end":{"line":27,"column":72}},"10":{"start":{"line":27,"column":57},"end":{"line":27,"column":72}},"11":{"start":{"line":30,"column":74},"end":{"line":30,"column":93}},"12":{"start":{"line":35,"column":18},"end":{"line":35,"column":67}},"13":{"start":{"line":6,"column":10},"end":{"line":21,"column":null}},"14":{"start":{"line":27,"column":72},"end":{"line":27,"column":72}}},"fnMap":{"0":{"name":"(anonymous_0)","decl":{"start":{"line":3,"column":4},"end":{"line":3,"column":null}},"loc":{"start":{"line":37,"column":11},"end":{"line":35,"column":67}},"line":37},"1":{"name":"(anonymous_1)","decl":{"start":{"line":5,"column":37},"end":{"line":5,"column":45}},"loc":{"start":{"line":5,"column":29},"end":{"line":21,"column":null}},"line":5},"2":{"name":"(anonymous_2)","decl":{"start":{"line":11,"column":28},"end":{"line":11,"column":33}},"loc":{"start":{"line":11,"column":23},"end":{"line":11,"column":null}},"line":11},"3":{"name":"(anonymous_3)","decl":{"start":{"line":15,"column":28},"end":{"line":15,"column":33}},"loc":{"start":{"line":15,"column":23},"end":{"line":15,"column":null}},"line":15},"4":{"name":"(anonymous_4)","decl":{"start":{"line":27,"column":8},"end":{"line":27,"column":23}},"loc":{"start":{"line":27,"column":82},"end":{"line":27,"column":72}},"line":27},"5":{"name":"(anonymous_5)","decl":{"start":{"line":30,"column":72},"end":{"line":30,"column":74}},"loc":{"start":{"line":30,"column":74},"end":{"line":30,"column":93}},"line":30},"6":{"name":"(anonymous_6)","decl":{"start":{"line":35,"column":16},"end":{"line":35,"column":18}},"loc":{"start":{"line":35,"column":18},"end":{"line":35,"column":67}},"line":35},"7":{"name":"(anonymous_7)","decl":{"start":{"line":27,"column":54},"end":{"line":27,"column":57}},"loc":{"start":{"line":27,"column":72},"end":{"line":27,"column":72}},"line":27}},"branchMap":{"0":{"loc":{"start":{"line":9,"column":20},"end":{"line":21,"column":null}},"type":"if","locations":[{"start":{"line":9,"column":20},"end":{"line":21,"column":null}},{"start":{"line":14,"column":25},"end":{"line":21,"column":null}}],"line":9},"1":{"loc":{"start":{"line":14,"column":25},"end":{"line":21,"column":null}},"type":"if","locations":[{"start":{"line":14,"column":25},"end":{"line":21,"column":null}}],"line":14},"2":{"loc":{"start":{"line":17,"column":25},"end":{"line":17,"column":null}},"type":"binary-expr","locations":[{"start":{"line":17,"column":25},"end":{"line":17,"column":49}},{"start":{"line":17,"column":49},"end":{"line":17,"column":76}},{"start":{"line":17,"column":76},"end":{"line":17,"column":null}}],"line":17},"3":{"loc":{"start":{"line":27,"column":23},"end":{"line":27,"column":72}},"type":"if","locations":[{"start":{"line":27,"column":23},"end":{"line":27,"column":72}}],"line":27},"4":{"loc":{"start":{"line":35,"column":18},"end":{"line":35,"column":67}},"type":"binary-expr","locations":[{"start":{"line":35,"column":18},"end":{"line":35,"column":26}},{"start":{"line":35,"column":26},"end":{"line":35,"column":67}}],"line":35},"5":{"loc":{"start":{"line":9,"column":20},"end":{"line":21,"column":null}},"type":"cond-expr","locations":[{"start":{"line":9,"column":29},"end":{"line":12,"column":37}},{"start":{"line":14,"column":25},"end":{"line":21,"column":null}}],"line":9},"6":{"loc":{"start":{"line":14,"column":25},"end":{"line":21,"column":null}},"type":"cond-expr","locations":[{"start":{"line":14,"column":34},"end":{"line":21,"column":null}}],"line":14}},"s":{"0":0,"1":0,"2":0,"3":0,"4":0,"5":0,"6":0,"7":0,"8":0,"9":0,"10":0,"11":0,"12":0,"13":0,"14":0},"f":{"0":0,"1":0,"2":0,"3":0,"4":0,"5":0,"6":0,"7":0},"b":{"0":[0,0],"1":[0],"2":[0,0,0],"3":[0],"4":[0,0],"5":[0,0],"6":[0]},"meta":{"lastBranch":7,"lastFunction":8,"lastStatement":15,"seen":{"s:2:7:2:Infinity":0,"f:3:4:3:Infinity":0,"s:4:63:4:Infinity":1,"s:5:33:21:Infinity":2,"f:5:37:5:45":1,"s:7:20:7:95":3,"b:9:20:21:Infinity:14:25:21:Infinity":0,"s:9:20:21:Infinity":4,"f:11:28:11:33":2,"s:11:23:11:Infinity":5,"b:14:25:21:Infinity":1,"s:14:25:21:Infinity":6,"f:15:28:15:33":3,"s:15:23:15:Infinity":7,"b:17:25:17:49:17:49:17:76:17:76:17:Infinity":2,"b:27:23:27:72":3,"s:27:23:27:72":8,"s:27:37:27:72":9,"f:27:8:27:23":4,"s:27:57:27:72":10,"f:30:72:30:74":5,"s:30:74:30:93":11,"f:35:16:35:18":6,"s:35:18:35:67":12,"b:35:18:35:26:35:26:35:67":4,"s:6:10:21:Infinity":13,"b:9:29:12:37:14:25:21:Infinity":5,"b:14:34:21:Infinity":6,"f:27:54:27:57":7,"s:27:72:27:72":14}}}
,"E:\\FinalTask\\finalTask\\app\\components\\SkillsComponent.vue": {"path":"E:\\FinalTask\\finalTask\\app\\components\\SkillsComponent.vue","statementMap":{"0":{"start":{"line":54,"column":16},"end":{"line":54,"column":null}},"1":{"start":{"line":56,"column":31},"end":{"line":66,"column":null}},"2":{"start":{"line":57,"column":4},"end":{"line":57,"column":null}},"3":{"start":{"line":57,"column":18},"end":{"line":57,"column":null}},"4":{"start":{"line":58,"column":49},"end":{"line":64,"column":null}},"5":{"start":{"line":65,"column":4},"end":{"line":65,"column":null}},"6":{"start":{"line":68,"column":8},"end":{"line":83,"column":null}},"7":{"start":{"line":69,"column":48},"end":{"line":69,"column":null}},"8":{"start":{"line":71,"column":4},"end":{"line":80,"column":null}},"9":{"start":{"line":73,"column":9},"end":{"line":73,"column":null}},"10":{"start":{"line":75,"column":6},"end":{"line":77,"column":null}},"11":{"start":{"line":76,"column":8},"end":{"line":76,"column":null}},"12":{"start":{"line":79,"column":6},"end":{"line":79,"column":null}},"13":{"start":{"line":82,"column":4},"end":{"line":82,"column":null}},"14":{"start":{"line":2,"column":7},"end":{"line":2,"column":null}},"15":{"start":{"line":4,"column":47},"end":{"line":29,"column":null}},"16":{"start":{"line":7,"column":36},"end":{"line":7,"column":null}},"17":{"start":{"line":10,"column":29},"end":{"line":29,"column":null}},"18":{"start":{"line":11,"column":21},"end":{"line":18,"column":null}},"19":{"start":{"line":13,"column":15},"end":{"line":18,"column":null}},"20":{"start":{"line":29,"column":42},"end":{"line":29,"column":null}}},"fnMap":{"0":{"name":"(anonymous_0)","decl":{"start":{"line":56,"column":31},"end":{"line":56,"column":32}},"loc":{"start":{"line":56,"column":62},"end":{"line":66,"column":null}},"line":56},"1":{"name":"(anonymous_1)","decl":{"start":{"line":68,"column":33},"end":{"line":68,"column":39}},"loc":{"start":{"line":68,"column":39},"end":{"line":83,"column":3}},"line":68},"2":{"name":"(anonymous_2)","decl":{"start":{"line":71,"column":25},"end":{"line":71,"column":26}},"loc":{"start":{"line":71,"column":36},"end":{"line":80,"column":5}},"line":71},"3":{"name":"(anonymous_3)","decl":{"start":{"line":4,"column":60},"end":{"line":4,"column":null}},"loc":{"start":{"line":4,"column":42},"end":{"line":29,"column":null}},"line":4},"4":{"name":"(anonymous_4)","decl":{"start":{"line":10,"column":43},"end":{"line":10,"column":null}},"loc":{"start":{"line":10,"column":25},"end":{"line":29,"column":null}},"line":10}},"branchMap":{"0":{"loc":{"start":{"line":57,"column":4},"end":{"line":57,"column":null}},"type":"if","locations":[{"start":{"line":57,"column":4},"end":{"line":57,"column":null}},{"start":{},"end":{}}],"line":57},"1":{"loc":{"start":{"line":65,"column":11},"end":{"line":65,"column":null}},"type":"binary-expr","locations":[{"start":{"line":65,"column":11},"end":{"line":65,"column":35}},{"start":{"line":65,"column":35},"end":{"line":65,"column":null}}],"line":65},"2":{"loc":{"start":{"line":73,"column":9},"end":{"line":73,"column":null}},"type":"binary-expr","locations":[{"start":{"line":73,"column":9},"end":{"line":73,"column":75}},{"start":{"line":73,"column":75},"end":{"line":73,"column":null}}],"line":73},"3":{"loc":{"start":{"line":75,"column":6},"end":{"line":77,"column":null}},"type":"if","locations":[{"start":{"line":75,"column":6},"end":{"line":77,"column":null}},{"start":{},"end":{}}],"line":75},"4":{"loc":{"start":{"line":11,"column":21},"end":{"line":18,"column":null}},"type":"if","locations":[{"start":{"line":11,"column":21},"end":{"line":18,"column":null}}],"line":11},"5":{"loc":{"start":{"line":13,"column":38},"end":{"line":15,"column":null}},"type":"cond-expr","locations":[{"start":{"line":15,"column":60},"end":{"line":15,"column":null}},{"start":{"line":15,"column":60},"end":{"line":15,"column":null}}],"line":13}},"s":{"0":0,"1":0,"2":0,"3":0,"4":0,"5":0,"6":0,"7":0,"8":0,"9":0,"10":0,"11":0,"12":0,"13":0,"14":0,"15":0,"16":0,"17":0,"18":0,"19":0,"20":0},"f":{"0":0,"1":0,"2":0,"3":0,"4":0},"b":{"0":[0,0],"1":[0,0],"2":[0,0],"3":[0,0],"4":[0],"5":[0,0]},"meta":{"lastBranch":6,"lastFunction":5,"lastStatement":21,"seen":{"s:54:16:54:Infinity":0,"s:56:31:66:Infinity":1,"f:56:31:56:32":0,"b:57:4:57:Infinity:undefined:undefined:undefined:undefined":0,"s:57:4:57:Infinity":2,"s:57:18:57:Infinity":3,"s:58:49:64:Infinity":4,"s:65:4:65:Infinity":5,"b:65:11:65:35:65:35:65:Infinity":1,"s:68:8:83:Infinity":6,"f:68:33:68:39":1,"s:69:48:69:Infinity":7,"s:71:4:80:Infinity":8,"f:71:25:71:26":2,"s:73:9:73:Infinity":9,"b:73:9:73:75:73:75:73:Infinity":2,"b:75:6:77:Infinity:undefined:undefined:undefined:undefined":3,"s:75:6:77:Infinity":10,"s:76:8:76:Infinity":11,"s:79:6:79:Infinity":12,"s:82:4:82:Infinity":13,"s:2:7:2:Infinity":14,"s:4:47:29:Infinity":15,"f:4:60:4:Infinity":3,"s:7:36:7:Infinity":16,"s:10:29:29:Infinity":17,"f:10:43:10:Infinity":4,"b:11:21:18:Infinity":4,"s:11:21:18:Infinity":18,"s:13:15:18:Infinity":19,"b:15:60:15:Infinity:15:60:15:Infinity":5,"s:29:42:29:Infinity":20}}}
[...]
,"E:\\FinalTask\\finalTask\\app\\composables\\useValidateAuth.ts": {"path":"E:\\FinalTask\\finalTask\\app\\composables\\useValidateAuth.ts","statementMap":{"0":{"start":{"line":4,"column":31},"end":{"line":125,"column":null}},"1":{"start":{"line":5,"column":24},"end":{"line":5,"column":null}},"2":{"start":{"line":6,"column":8},"end":{"line":6,"column":null}},"3":{"start":{"line":7,"column":8},"end":{"line":7,"column":null}},"4":{"start":{"line":8,"column":8},"end":{"line":8,"column":null}},"5":{"start":{"line":10,"column":8},"end":{"line":27,"column":null}},"6":{"start":{"line":29,"column":8},"end":{"line":32,"column":null}},"7":{"start":{"line":29,"column":35},"end":{"line":32,"column":4}},"8":{"start":{"line":30,"column":41},"end":{"line":30,"column":58}},"9":{"start":{"line":31,"column":44},"end":{"line":31,"column":64}},"10":{"start":{"line":34,"column":16},"end":{"line":44,"column":null}},"11":{"start":{"line":46,"column":8},"end":{"line":46,"column":null}},"12":{"start":{"line":48,"column":25},"end":{"line":50,"column":null}},"13":{"start":{"line":49,"column":4},"end":{"line":49,"column":null}},"14":{"start":{"line":52,"column":2},"end":{"line":64,"column":null}},"15":{"start":{"line":53,"column":23},"end":{"line":53,"column":null}},"16":{"start":{"line":53,"column":53},"end":{"line":53,"column":70}},"17":{"start":{"line":54,"column":26},"end":{"line":54,"column":null}},"18":{"start":{"line":54,"column":56},"end":{"line":54,"column":76}},"19":{"start":{"line":56,"column":4},"end":{"line":59,"column":null}},"20":{"start":{"line":57,"column":6},"end":{"line":57,"column":null}},"21":{"start":{"line":58,"column":6},"end":{"line":58,"column":null}},"22":{"start":{"line":60,"column":4},"end":{"line":63,"column":null}},"23":{"start":{"line":61,"column":6},"end":{"line":61,"column":null}},"24":{"start":{"line":62,"column":6},"end":{"line":62,"column":null}},"25":{"start":{"line":67,"column":4},"end":{"line":98,"column":null}},"26":{"start":{"line":68,"column":6},"end":{"line":68,"column":null}},"27":{"start":{"line":70,"column":22},"end":{"line":70,"column":null}},"28":{"start":{"line":72,"column":6},"end":{"line":74,"column":null}},"29":{"start":{"line":73,"column":8},"end":{"line":73,"column":null}},"30":{"start":{"line":76,"column":6},"end":{"line":80,"column":null}},"31":{"start":{"line":77,"column":23},"end":{"line":77,"column":null}},"32":{"start":{"line":78,"column":8},"end":{"line":78,"column":null}},"33":{"start":{"line":79,"column":8},"end":{"line":79,"column":null}},"34":{"start":{"line":82,"column":21},"end":{"line":82,"column":null}},"35":{"start":{"line":83,"column":6},"end":{"line":83,"column":null}},"36":{"start":{"line":85,"column":24},"end":{"line":85,"column":null}},"37":{"start":{"line":86,"column":6},"end":{"line":90,"column":null}},"38":{"start":{"line":87,"column":8},"end":{"line":87,"column":null}},"39":{"start":{"line":88,"column":6},"end":{"line":90,"column":null}},"40":{"start":{"line":89,"column":8},"end":{"line":89,"column":null}},"41":{"start":{"line":92,"column":6},"end":{"line":97,"column":null}},"42":{"start":{"line":101,"column":20},"end":{"line":122,"column":null}},"43":{"start":{"line":106,"column":4},"end":{"line":121,"column":null}},"44":{"start":{"line":107,"column":6},"end":{"line":112,"column":null}},"45":{"start":{"line":113,"column":6},"end":{"line":113,"column":null}},"46":{"start":{"line":115,"column":6},"end":{"line":120,"column":null}},"47":{"start":{"line":124,"column":2},"end":{"line":124,"column":null}}},"fnMap":{"0":{"name":"(anonymous_0)","decl":{"start":{"line":4,"column":31},"end":{"line":4,"column":37}},"loc":{"start":{"line":4,"column":37},"end":{"line":125,"column":null}},"line":4},"1":{"name":"(anonymous_1)","decl":{"start":{"line":29,"column":28},"end":{"line":29,"column":35}},"loc":{"start":{"line":29,"column":35},"end":{"line":32,"column":4}},"line":29},"2":{"name":"(anonymous_2)","decl":{"start":{"line":30,"column":34},"end":{"line":30,"column":35}},"loc":{"start":{"line":30,"column":41},"end":{"line":30,"column":58}},"line":30},"3":{"name":"(anonymous_3)","decl":{"start":{"line":31,"column":37},"end":{"line":31,"column":38}},"loc":{"start":{"line":31,"column":44},"end":{"line":31,"column":64}},"line":31},"4":{"name":"(anonymous_4)","decl":{"start":{"line":48,"column":25},"end":{"line":48,"column":26}},"loc":{"start":{"line":48,"column":48},"end":{"line":50,"column":null}},"line":48},"5":{"name":"(anonymous_5)","decl":{"start":{"line":52,"column":14},"end":{"line":52,"column":20}},"loc":{"start":{"line":52,"column":20},"end":{"line":64,"column":3}},"line":52},"6":{"name":"(anonymous_6)","decl":{"start":{"line":53,"column":46},"end":{"line":53,"column":47}},"loc":{"start":{"line":53,"column":53},"end":{"line":53,"column":70}},"line":53},"7":{"name":"(anonymous_7)","decl":{"start":{"line":54,"column":49},"end":{"line":54,"column":50}},"loc":{"start":{"line":54,"column":56},"end":{"line":54,"column":76}},"line":54},"8":{"name":"handleAuth","decl":{"start":{"line":66,"column":17},"end":{"line":66,"column":30}},"loc":{"start":{"line":66,"column":30},"end":{"line":99,"column":null}},"line":66},"9":{"name":"(anonymous_9)","decl":{"start":{"line":101,"column":20},"end":{"line":101,"column":null}},"loc":{"start":{"line":105,"column":22},"end":{"line":122,"column":null}},"line":105}},"branchMap":{"0":{"loc":{"start":{"line":30,"column":11},"end":{"line":30,"column":null}},"type":"binary-expr","locations":[{"start":{"line":30,"column":11},"end":{"line":30,"column":70}},{"start":{"line":30,"column":70},"end":{"line":30,"column":null}}],"line":30},"1":{"loc":{"start":{"line":31,"column":14},"end":{"line":31,"column":null}},"type":"binary-expr","locations":[{"start":{"line":31,"column":14},"end":{"line":31,"column":76}},{"start":{"line":31,"column":76},"end":{"line":31,"column":null}}],"line":31},"2":{"loc":{"start":{"line":49,"column":11},"end":{"line":49,"column":null}},"type":"binary-expr","locations":[{"start":{"line":49,"column":11},"end":{"line":49,"column":44}},{"start":{"line":49,"column":44},"end":{"line":49,"column":null}}],"line":49},"3":{"loc":{"start":{"line":56,"column":4},"end":{"line":59,"column":null}},"type":"if","locations":[{"start":{"line":56,"column":4},"end":{"line":59,"column":null}},{"start":{},"end":{}}],"line":56},"4":{"loc":{"start":{"line":58,"column":33},"end":{"line":58,"column":null}},"type":"binary-expr","locations":[{"start":{"line":58,"column":33},"end":{"line":58,"column":83}},{"start":{"line":58,"column":83},"end":{"line":58,"column":null}}],"line":58},"5":{"loc":{"start":{"line":60,"column":4},"end":{"line":63,"column":null}},"type":"if","locations":[{"start":{"line":60,"column":4},"end":{"line":63,"column":null}},{"start":{},"end":{}}],"line":60},"6":{"loc":{"start":{"line":62,"column":36},"end":{"line":62,"column":null}},"type":"binary-expr","locations":[{"start":{"line":62,"column":36},"end":{"line":62,"column":89}},{"start":{"line":62,"column":89},"end":{"line":62,"column":null}}],"line":62},"7":{"loc":{"start":{"line":72,"column":6},"end":{"line":74,"column":null}},"type":"if","locations":[{"start":{"line":72,"column":6},"end":{"line":74,"column":null}},{"start":{},"end":{}}],"line":72},"8":{"loc":{"start":{"line":76,"column":6},"end":{"line":80,"column":null}},"type":"if","locations":[{"start":{"line":76,"column":6},"end":{"line":80,"column":null}},{"start":{},"end":{}}],"line":76},"9":{"loc":{"start":{"line":76,"column":10},"end":{"line":76,"column":79}},"type":"binary-expr","locations":[{"start":{"line":76,"column":10},"end":{"line":76,"column":25}},{"start":{"line":76,"column":25},"end":{"line":76,"column":79}}],"line":76},"10":{"loc":{"start":{"line":86,"column":6},"end":{"line":90,"column":null}},"type":"if","locations":[{"start":{"line":86,"column":6},"end":{"line":90,"column":null}},{"start":{"line":88,"column":6},"end":{"line":90,"column":null}}],"line":86},"11":{"loc":{"start":{"line":88,"column":6},"end":{"line":90,"column":null}},"type":"if","locations":[{"start":{"line":88,"column":6},"end":{"line":90,"column":null}},{"start":{},"end":{}}],"line":88},"12":{"loc":{"start":{"line":106,"column":4},"end":{"line":121,"column":null}},"type":"if","locations":[{"start":{"line":106,"column":4},"end":{"line":121,"column":null}},{"start":{"line":114,"column":11},"end":{"line":121,"column":null}}],"line":106}},"s":{"0":1,"1":0,"2":0,"3":0,"4":0,"5":0,"6":0,"7":0,"8":0,"9":0,"10":0,"11":0,"12":0,"13":0,"14":0,"15":0,"16":0,"17":0,"18":0,"19":0,"20":0,"21":0,"22":0,"23":0,"24":0,"25":0,"26":0,"27":0,"28":0,"29":0,"30":0,"31":0,"32":0,"33":0,"34":0,"35":0,"36":0,"37":0,"38":0,"39":0,"40":0,"41":0,"42":0,"43":0,"44":0,"45":0,"46":0,"47":0},"f":{"0":0,"1":0,"2":0,"3":0,"4":0,"5":0,"6":0,"7":0,"8":0,"9":0},"b":{"0":[0,0],"1":[0,0],"2":[0,0],"3":[0,0],"4":[0,0],"5":[0,0],"6":[0,0],"7":[0,0],"8":[0,0],"9":[0,0],"10":[0,0],"11":[0,0],"12":[0,0]},"meta":{"lastBranch":13,"lastFunction":10,"lastStatement":48,"seen":{"s:4:31:125:Infinity":0,"f:4:31:4:37":0,"s:5:24:5:Infinity":1,"s:6:8:6:Infinity":2,"s:7:8:7:Infinity":3,"s:8:8:8:Infinity":4,"s:10:8:27:Infinity":5,"s:29:8:32:Infinity":6,"f:29:28:29:35":1,"s:29:35:32:4":7,"b:30:11:30:70:30:70:30:Infinity":0,"f:30:34:30:35":2,"s:30:41:30:58":8,"b:31:14:31:76:31:76:31:Infinity":1,"f:31:37:31:38":3,"s:31:44:31:64":9,"s:34:16:44:Infinity":10,"s:46:8:46:Infinity":11,"s:48:25:50:Infinity":12,"f:48:25:48:26":4,"s:49:4:49:Infinity":13,"b:49:11:49:44:49:44:49:Infinity":2,"s:52:2:64:Infinity":14,"f:52:14:52:20":5,"s:53:23:53:Infinity":15,"f:53:46:53:47":6,"s:53:53:53:70":16,"s:54:26:54:Infinity":17,"f:54:49:54:50":7,"s:54:56:54:76":18,"b:56:4:59:Infinity:undefined:undefined:undefined:undefined":3,"s:56:4:59:Infinity":19,"s:57:6:57:Infinity":20,"s:58:6:58:Infinity":21,"b:58:33:58:83:58:83:58:Infinity":4,"b:60:4:63:Infinity:undefined:undefined:undefined:undefined":5,"s:60:4:63:Infinity":22,"s:61:6:61:Infinity":23,"s:62:6:62:Infinity":24,"b:62:36:62:89:62:89:62:Infinity":6,"f:66:17:66:30":8,"s:67:4:98:Infinity":25,"s:68:6:68:Infinity":26,"s:70:22:70:Infinity":27,"b:72:6:74:Infinity:undefined:undefined:undefined:undefined":7,"s:72:6:74:Infinity":28,"s:73:8:73:Infinity":29,"b:76:6:80:Infinity:undefined:undefined:undefined:undefined":8,"s:76:6:80:Infinity":30,"b:76:10:76:25:76:25:76:79":9,"s:77:23:77:Infinity":31,"s:78:8:78:Infinity":32,"s:79:8:79:Infinity":33,"s:82:21:82:Infinity":34,"s:83:6:83:Infinity":35,"s:85:24:85:Infinity":36,"b:86:6:90:Infinity:88:6:90:Infinity":10,"s:86:6:90:Infinity":37,"s:87:8:87:Infinity":38,"b:88:6:90:Infinity:undefined:undefined:undefined:undefined":11,"s:88:6:90:Infinity":39,"s:89:8:89:Infinity":40,"s:92:6:97:Infinity":41,"s:101:20:122:Infinity":42,"f:101:20:101:Infinity":9,"b:106:4:121:Infinity:114:11:121:Infinity":12,"s:106:4:121:Infinity":43,"s:107:6:112:Infinity":44,"s:113:6:113:Infinity":45,"s:115:6:120:Infinity":46,"s:124:2:124:Infinity":47}}}
,"E:\\FinalTask\\finalTask\\app\\pages\\forgetPasword.vue": {"path":"E:\\FinalTask\\finalTask\\app\\pages\\forgetPasword.vue","statementMap":{},"fnMap":{},"branchMap":{},"s":{},"f":{},"b":{},"meta":{"lastBranch":0,"lastFunction":0,"lastStatement":0,"seen":{}}}
,"E:\\FinalTask\\finalTask\\app\\pages\\index.vue": {"path":"E:\\FinalTask\\finalTask\\app\\pages\\index.vue","statementMap":{"0":{"start":{"line":6,"column":1},"end":{"line":8,"column":null}},"1":{"start":{"line":9,"column":2},"end":{"line":9,"column":null}},"2":{"start":{"line":9,"column":2},"end":{"line":9,"column":28}},"3":{"start":{"line":2,"column":2},"end":{"line":2,"column":null}}},"fnMap":{"0":{"name":"(anonymous_0)","decl":{"start":{"line":9,"column":2},"end":{"line":9,"column":8}},"loc":{"start":{"line":9,"column":2},"end":{"line":9,"column":28}},"line":9}},"branchMap":{},"s":{"0":0,"1":0,"2":0,"3":0},"f":{"0":0},"b":{},"meta":{"lastBranch":0,"lastFunction":0,"lastStatement":0,"seen":{}}}
,"E:\\FinalTask\\finalTask\\app\\pages\\languages.vue": {"path":"E:\\FinalTask\\finalTask\\app\\pages\\languages.vue","statementMap":{},"fnMap":{},"branchMap":{},"s":{},"f":{},"b":{},"meta":{"lastBranch":0,"lastFunction":0,"lastStatement":0,"seen":{}}}
,"E:\\FinalTask\\finalTask\\app\\pages\\skills.vue": {"path":"E:\\FinalTask\\finalTask\\app\\pages\\skills.vue","statementMap":{},"fnMap":{},"branchMap":{},"s":{},"f":{},"b":{},"meta":{"lastBranch":0,"lastFunction":0,"lastStatement":0,"seen":{}}}
,"E:\\FinalTask\\finalTask\\app\\pages\\auth\\index.vue": {"path":"E:\\FinalTask\\finalTask\\app\\pages\\auth\\index.vue","statementMap":{"0":{"start":{"line":4,"column":23},"end":{"line":5,"column":40}},"1":{"start":{"line":6,"column":13},"end":{"line":7,"column":null}},"2":{"start":{"line":11,"column":2},"end":{"line":11,"column":null}},"3":{"start":{"line":14,"column":15},"end":{"line":14,"column":null}},"4":{"start":{"line":14,"column":15},"end":{"line":13,"column":null}},"5":{"start":{"line":13,"column":18},"end":{"line":13,"column":null}}},"fnMap":{"0":{"name":"(anonymous_0)","decl":{"start":{"line":4,"column":2},"end":{"line":4,"column":8}},"loc":{"start":{"line":4,"column":23},"end":{"line":7,"column":null}},"line":4},"1":{"name":"(anonymous_1)","decl":{"start":{"line":13,"column":18},"end":{"line":13,"column":null}},"loc":{"start":{"line":13,"column":18},"end":{"line":13,"column":null}},"line":13}},"branchMap":{},"s":{"0":0,"1":0,"2":0,"3":0,"4":0,"5":0},"f":{"0":0,"1":0},"b":{},"meta":{"lastBranch":0,"lastFunction":0,"lastStatement":0,"seen":{}}}
,"E:\\FinalTask\\finalTask\\app\\pages\\auth\\index\\login.vue": {"path":"E:\\FinalTask\\finalTask\\app\\pages\\auth\\index\\login.vue","statementMap":{"0":{"start":{"line":17,"column":17},"end":{"line":18,"column":null}},"1":{"start":{"line":18,"column":12},"end":{"line":22,"column":null}},"2":{"start":{"line":2,"column":2},"end":{"line":2,"column":null}},"3":{"start":{"line":12,"column":10},"end":{"line":12,"column":null}},"4":{"start":{"line":12,"column":10},"end":{"line":11,"column":38}}},"fnMap":{"0":{"name":"(anonymous_0)","decl":{"start":{"line":17,"column":2},"end":{"line":17,"column":17}},"loc":{"start":{"line":17,"column":17},"end":{"line":22,"column":null}},"line":17}},"branchMap":{},"s":{"0":0,"1":0,"2":0,"3":0,"4":0},"f":{"0":0},"b":{},"meta":{"lastBranch":0,"lastFunction":0,"lastStatement":0,"seen":{}}}
,"E:\\FinalTask\\finalTask\\app\\pages\\auth\\index\\signup.vue": {"path":"E:\\FinalTask\\finalTask\\app\\pages\\auth\\index\\signup.vue","statementMap":{},"fnMap":{},"branchMap":{},"s":{},"f":{},"b":{},"meta":{"lastBranch":0,"lastFunction":0,"lastStatement":0,"seen":{}}}
,"E:\\FinalTask\\finalTask\\app\\pages\\cvs\\index.vue": {"path":"E:\\FinalTask\\finalTask\\app\\pages\\cvs\\index.vue","statementMap":{},"fnMap":{},"branchMap":{},"s":{},"f":{},"b":{},"meta":{"lastBranch":0,"lastFunction":0,"lastStatement":0,"seen":{}}}
,"E:\\FinalTask\\finalTask\\app\\pages\\cvs\\[cvId]\\index.vue": {"path":"E:\\FinalTask\\finalTask\\app\\pages\\cvs\\[cvId]\\index.vue","statementMap":{},"fnMap":{},"branchMap":{},"s":{},"f":{},"b":{},"meta":{"lastBranch":0,"lastFunction":0,"lastStatement":0,"seen":{}}}
,"E:\\FinalTask\\finalTask\\app\\pages\\cvs\\[cvId]\\index\\details.vue": {"path":"E:\\FinalTask\\finalTask\\app\\pages\\cvs\\[cvId]\\index\\details.vue","statementMap":{},"fnMap":{},"branchMap":{},"s":{},"f":{},"b":{},"meta":{"lastBranch":0,"lastFunction":0,"lastStatement":0,"seen":{}}}
,"E:\\FinalTask\\finalTask\\app\\pages\\cvs\\[cvId]\\index\\preview.vue": {"path":"E:\\FinalTask\\finalTask\\app\\pages\\cvs\\[cvId]\\index\\preview.vue","statementMap":{},"fnMap":{},"branchMap":{},"s":{},"f":{},"b":{},"meta":{"lastBranch":0,"lastFunction":0,"lastStatement":0,"seen":{}}}
,"E:\\FinalTask\\finalTask\\app\\pages\\cvs\\[cvId]\\index\\projects.vue": {"path":"E:\\FinalTask\\finalTask\\app\\pages\\cvs\\[cvId]\\index\\projects.vue","statementMap":{},"fnMap":{},"branchMap":{},"s":{},"f":{},"b":{},"meta":{"lastBranch":0,"lastFunction":0,"lastStatement":0,"seen":{}}}
,"E:\\FinalTask\\finalTask\\app\\pages\\cvs\\[cvId]\\index\\skills.vue": {"path":"E:\\FinalTask\\finalTask\\app\\pages\\cvs\\[cvId]\\index\\skills.vue","statementMap":{},"fnMap":{},"branchMap":{},"s":{},"f":{},"b":{},"meta":{"lastBranch":0,"lastFunction":0,"lastStatement":0,"seen":{}}}
,"E:\\FinalTask\\finalTask\\app\\pages\\users\\index.vue": {"path":"E:\\FinalTask\\finalTask\\app\\pages\\users\\index.vue","statementMap":{"0":{"start":{"line":13,"column":2},"end":{"line":13,"column":null}}},"fnMap":{},"branchMap":{},"s":{"0":1},"f":{},"b":{},"meta":{"lastBranch":0,"lastFunction":0,"lastStatement":1,"seen":{"s:13:2:13:Infinity":0}}}
,"E:\\FinalTask\\finalTask\\app\\pages\\users\\[userID]\\index.vue": {"path":"E:\\FinalTask\\finalTask\\app\\pages\\users\\[userID]\\index.vue","statementMap":{},"fnMap":{},"branchMap":{},"s":{},"f":{},"b":{},"meta":{"lastBranch":0,"lastFunction":0,"lastStatement":0,"seen":{}}}
,"E:\\FinalTask\\finalTask\\app\\pages\\users\\[userID]\\index\\languages.vue": {"path":"E:\\FinalTask\\finalTask\\app\\pages\\users\\[userID]\\index\\languages.vue","statementMap":{},"fnMap":{},"branchMap":{},"s":{},"f":{},"b":{},"meta":{"lastBranch":0,"lastFunction":0,"lastStatement":0,"seen":{}}}
,"E:\\FinalTask\\finalTask\\app\\pages\\users\\[userID]\\index\\profile.vue": {"path":"E:\\FinalTask\\finalTask\\app\\pages\\users\\[userID]\\index\\profile.vue","statementMap":{},"fnMap":{},"branchMap":{},"s":{},"f":{},"b":{},"meta":{"lastBranch":0,"lastFunction":0,"lastStatement":0,"seen":{}}}
,"E:\\FinalTask\\finalTask\\app\\pages\\users\\[userID]\\index\\skills.vue": {"path":"E:\\FinalTask\\finalTask\\app\\pages\\users\\[userID]\\index\\skills.vue","statementMap":{},"fnMap":{},"branchMap":{},"s":{},"f":{},"b":{},"meta":{"lastBranch":0,"lastFunction":0,"lastStatement":0,"seen":{}}}
,"E:\\FinalTask\\finalTask\\app\\utils\\rights-checker.ts": {"path":"E:\\FinalTask\\finalTask\\app\\utils\\rights-checker.ts","statementMap":{"0":{"start":{"line":1,"column":27},"end":{"line":4,"column":null}},"1":{"start":{"line":2,"column":17},"end":{"line":2,"column":null}},"2":{"start":{"line":3,"column":2},"end":{"line":3,"column":null}}},"fnMap":{"0":{"name":"(anonymous_0)","decl":{"start":{"line":1,"column":27},"end":{"line":1,"column":28}},"loc":{"start":{"line":1,"column":56},"end":{"line":4,"column":null}},"line":1}},"branchMap":{},"s":{"0":0,"1":0,"2":0},"f":{"0":0},"b":{},"meta":{"lastBranch":0,"lastFunction":1,"lastStatement":3,"seen":{"s:1:27:4:Infinity":0,"f:1:27:1:28":0,"s:2:17:2:Infinity":1,"s:3:2:3:Infinity":2}}}
}
